2024-09-14 03:46:07,010 - INFO - AI Research System Started.
2024-09-14 03:46:07,011 - INFO - Starting run 1 of 5
2024-09-14 03:46:07,011 - INFO - Attempt 1 of 3
2024-09-14 03:46:10,907 - INFO - Generated ideas: ['1. **Adaptive Learning Rate Schedulers:**', "Develop a dynamic learning rate scheduler that adapts in real-time to the model's training performance. This scheduler would use a lightweight predictive model to adjust the learning rate based on the loss gradient and other training metrics, potentially reducing the need for extensive hyperparameter tuning and improving convergence speed.", '2. **Pruning and Quantization for Efficient Inference:**', 'Investigate a novel pruning and quantization technique that preserves the accuracy of neural networks while significantly reducing their size and computational requirements. The research would involve creating a hybrid method that combines layer-wise pruning with adaptive quantization based on the importance of different layers and neurons.', '3. **Meta-Learning for Hyperparameter Optimization:**', 'Implement a meta-learning algorithm that learns to predict optimal hyperparameters for different types of neural networks and datasets. This involves training a meta-learner on a variety of smaller tasks and then applying the meta-learner to new tasks to quickly identify promising hyperparameters, thereby speeding up the model development cycle.', '4. **Explainable AI through Lightweight Attention Mechanisms:**', 'Design and test a lightweight attention mechanism that can be easily integrated into existing models to provide better interpretability without a significant increase in computational overhead. This mechanism would allow the model to highlight important features and decisions, making it easier to understand and debug its behavior.', '5. **Low-Resource Data Augmentation Techniques:**', 'Create a set of data augmentation techniques specifically tailored for low-resource environments. These techniques would focus on generating synthetic training examples using minimal computational power, leveraging approaches like noise injection, simple geometric transformations, and adversarial examples to improve model robustness and generalization.']
2024-09-14 03:46:11,317 - INFO - Idea: 1. **Adaptive Learning Rate Schedulers:**, Novelty: 5, Success: 7
2024-09-14 03:46:11,730 - INFO - Idea: Develop a dynamic learning rate scheduler that adapts in real-time to the model's training performance. This scheduler would use a lightweight predictive model to adjust the learning rate based on the loss gradient and other training metrics, potentially reducing the need for extensive hyperparameter tuning and improving convergence speed., Novelty: 6, Success: 7
2024-09-14 03:46:12,141 - INFO - Idea: 2. **Pruning and Quantization for Efficient Inference:**, Novelty: 3, Success: 8
2024-09-14 03:46:12,540 - INFO - Idea: Investigate a novel pruning and quantization technique that preserves the accuracy of neural networks while significantly reducing their size and computational requirements. The research would involve creating a hybrid method that combines layer-wise pruning with adaptive quantization based on the importance of different layers and neurons., Novelty: 7, Success: 8
2024-09-14 03:46:12,868 - INFO - Idea: 3. **Meta-Learning for Hyperparameter Optimization:**, Novelty: 6, Success: 8
2024-09-14 03:46:13,580 - INFO - Idea: Implement a meta-learning algorithm that learns to predict optimal hyperparameters for different types of neural networks and datasets. This involves training a meta-learner on a variety of smaller tasks and then applying the meta-learner to new tasks to quickly identify promising hyperparameters, thereby speeding up the model development cycle., Novelty: 6, Success: 8
2024-09-14 03:46:13,869 - INFO - Idea: 4. **Explainable AI through Lightweight Attention Mechanisms:**, Novelty: 6, Success: 7
2024-09-14 03:46:14,271 - INFO - Idea: Design and test a lightweight attention mechanism that can be easily integrated into existing models to provide better interpretability without a significant increase in computational overhead. This mechanism would allow the model to highlight important features and decisions, making it easier to understand and debug its behavior., Novelty: 6, Success: 8
2024-09-14 03:46:14,709 - INFO - Idea: 5. **Low-Resource Data Augmentation Techniques:**, Novelty: 4, Success: 7
2024-09-14 03:46:15,082 - INFO - Idea: Create a set of data augmentation techniques specifically tailored for low-resource environments. These techniques would focus on generating synthetic training examples using minimal computational power, leveraging approaches like noise injection, simple geometric transformations, and adversarial examples to improve model robustness and generalization., Novelty: 6, Success: 7
2024-09-14 03:46:24,734 - INFO - Experiment Plan:
### 1. Objective

The objective of this experiment is to develop and evaluate a novel pruning and quantization technique that combines layer-wise pruning with adaptive quantization. The goal is to preserve the accuracy of neural networks while significantly reducing their size and computational requirements. This hybrid method will be tested on standard image classification and natural language processing tasks to assess its effectiveness and generalizability.

### 2. Methodology

#### Step 1: Baseline Model Training
- Train baseline models without any pruning or quantization on the selected datasets.
- Record baseline accuracy, model size, and computational requirements.

#### Step 2: Layer-wise Pruning
- Implement layer-wise pruning. Remove a fraction of the least important neurons in each layer based on their contribution to the overall network performance.
- Importance of neurons can be determined using metrics such as weight magnitude or contribution to the output.

#### Step 3: Adaptive Quantization
- Apply adaptive quantization to the pruned model. Quantize weights and activations based on the importance of different layers and neurons.
- More important layers and neurons receive higher precision, while less important ones receive lower precision.

#### Step 4: Hybrid Method
- Combine the layer-wise pruning and adaptive quantization into a single workflow.
- Fine-tune the hybrid model to recover any lost accuracy.

#### Step 5: Evaluation
- Compare the hybrid model's performance with the baseline and individual pruning/quantization models.
- Metrics for comparison include accuracy, model size, and computational requirements.

### 3. Datasets

- **Image Classification:** CIFAR-10, ImageNet (available on Hugging Face Datasets)
- **Natural Language Processing:** GLUE Benchmark (General Language Understanding Evaluation) for tasks like SST-2 (Sentiment Analysis) and QQP (Quora Question Pairs)

### 4. Model Architecture

- **Image Classification:** ResNet-50 and MobileNetV2
- **Natural Language Processing:** BERT-base and DistilBERT

### 5. Hyperparameters

- **Initial Learning Rate:** 0.001 for both image and NLP models
- **Batch Size:** 64 for image models, 32 for NLP models
- **Pruning Fraction:** 0.3 (30% of neurons to be pruned in each layer)
- **Quantization Levels:** 
  - Important neurons: 8-bit
  - Less important neurons: 4-bit
- **Fine-tuning Epochs:** 10
- **Optimizer:** Adam for both image and NLP models
- **Weight Decay:** 0.0001
- **Dropout Rate:** 0.5 for NLP models

### 6. Evaluation Metrics

- **Accuracy:** Measure the accuracy of the model on a validation set.
- **Model Size:** Calculate the number of parameters and the memory footprint of the model.
- **Computational Requirements:** Measure inference time and FLOPs (Floating Point Operations per Second).
- **Compression Rate:** Ratio of the original model size to the pruned and quantized model size.
- **Energy Efficiency:** Measure the power consumption during inference using a profiling tool.

### Experiment Plan Summary

1. Train baseline models on CIFAR-10, ImageNet, and GLUE datasets.
2. Implement and apply layer-wise pruning to these models.
3. Implement and apply adaptive quantization to the pruned models.
4. Combine pruning and quantization into a hybrid method.
5. Fine-tune the hybrid models and evaluate their performance using the specified metrics.
6. Compare the results with baseline and individual pruning/quantization methods to determine the effectiveness of the hybrid approach.
2024-09-14 03:46:24,879 - INFO - Using device: cuda
2024-09-14 03:46:25,811 - INFO - Loaded dataset: ag_news
2024-09-14 03:46:28,239 - INFO - Starting training...
2024-09-14 03:46:58,816 - INFO - Evaluating the model...
2024-09-14 03:47:02,596 - INFO - Experiment Results: {'eval_loss': 0.42859265208244324, 'eval_accuracy': 0.864, 'eval_runtime': 3.7779, 'eval_samples_per_second': 132.347, 'eval_steps_per_second': 16.676, 'epoch': 1.0}
2024-09-14 03:47:11,876 - INFO - Refined Experiment Plan:
### 1. Objective

The objective of this experiment is to develop and evaluate a novel pruning and quantization technique that combines layer-wise pruning with adaptive quantization. The goal is to preserve the accuracy of neural networks while significantly reducing their size and computational requirements. This hybrid method will be tested on standard image classification and natural language processing tasks to assess its effectiveness and generalizability.

### 2. Methodology

#### Step 1: Baseline Model Training
- Train baseline models without any pruning or quantization on the selected datasets.
- Record baseline accuracy, model size, and computational requirements.

#### Step 2: Layer-wise Pruning
- Implement layer-wise pruning. Remove a fraction of the least important neurons in each layer based on their contribution to the overall network performance.
- Importance of neurons can be determined using metrics such as weight magnitude or contribution to the output.

#### Step 3: Adaptive Quantization
- Apply adaptive quantization to the pruned model. Quantize weights and activations based on the importance of different layers and neurons.
- More important layers and neurons receive higher precision, while less important ones receive lower precision.

#### Step 4: Hybrid Method
- Combine the layer-wise pruning and adaptive quantization into a single workflow.
- Fine-tune the hybrid model to recover any lost accuracy.

#### Step 5: Evaluation
- Compare the hybrid model's performance with the baseline and individual pruning/quantization models.
- Metrics for comparison include accuracy, model size, and computational requirements.

#### Step 6: Performance Improvement Strategies
- **Data Augmentation:** Apply more extensive data augmentation techniques to improve model robustness.
- **Hyperparameter Tuning:** Experiment with different hyperparameters to find optimal settings.
- **Layer-wise Fine-tuning:** Fine-tune different layers with different learning rates to better recover lost accuracy.
- **Mixed Precision Training:** Use mixed precision training to speed up the training process and improve accuracy.
- **Pruning/Quantization Scheduling:** Gradually apply pruning and quantization over multiple epochs rather than a single step to allow the model to adapt better.

### 3. Datasets

- **Image Classification:** CIFAR-10, ImageNet (available on Hugging Face Datasets)
- **Natural Language Processing:** GLUE Benchmark (General Language Understanding Evaluation) for tasks like SST-2 (Sentiment Analysis) and QQP (Quora Question Pairs)

### 4. Model Architecture

- **Image Classification:** ResNet-50 and MobileNetV2
- **Natural Language Processing:** BERT-base and DistilBERT

### 5. Hyperparameters

- **Initial Learning Rate:** 0.001 for both image and NLP models
- **Batch Size:** 64 for image models, 32 for NLP models
- **Pruning Fraction:** 0.3 (30% of neurons to be pruned in each layer)
- **Quantization Levels:** 
  - Important neurons: 8-bit
  - Less important neurons: 4-bit
- **Fine-tuning Epochs:** 10
- **Optimizer:** Adam for both image and NLP models
- **Weight Decay:** 0.0001
- **Dropout Rate:** 0.5 for NLP models
- **Layer-wise Learning Rates:** Experiment with different learning rates for each layer during fine-tuning.
- **Pruning/Quantization Schedule:** Gradually apply pruning and quantization over 3 epochs.

### 6. Evaluation Metrics

- **Accuracy:** Measure the accuracy of the model on a validation set.
- **Model Size:** Calculate the number of parameters and the memory footprint of the model.
- **Computational Requirements:** Measure inference time and FLOPs (Floating Point Operations per Second).
- **Compression Rate:** Ratio of the original model size to the pruned and quantized model size.
- **Energy Efficiency:** Measure the power consumption during inference using a profiling tool.
- **Data Augmentation Impact:** Evaluate the impact of data augmentation on model performance.

### Experiment Plan Summary

1. Train baseline models on CIFAR-10, ImageNet, and GLUE datasets.
2. Implement and apply layer-wise pruning to these models.
3. Implement and apply adaptive quantization to the pruned models.
4. Combine pruning and quantization into a hybrid method.
5. Fine-tune the hybrid models and evaluate their performance using the specified metrics.
6. Apply performance improvement strategies: extensive data augmentation, hyperparameter tuning, layer-wise fine-tuning, mixed precision training, and gradual pruning/quantization scheduling.
7. Compare the results with baseline and individual pruning/quantization methods to determine the effectiveness of the hybrid approach.

These modifications aim to enhance the performance of the hybrid model by making the training process more robust and allowing the model better adaptation to pruning and quantization.
2024-09-14 03:47:11,876 - INFO - Using device: cuda
2024-09-14 03:47:12,845 - INFO - Loaded dataset: ag_news
2024-09-14 03:47:13,862 - INFO - Starting training...
2024-09-14 03:47:43,698 - INFO - Evaluating the model...
2024-09-14 03:47:47,523 - INFO - Experiment Results: {'eval_loss': 0.432305246591568, 'eval_accuracy': 0.856, 'eval_runtime': 3.8237, 'eval_samples_per_second': 130.763, 'eval_steps_per_second': 16.476, 'epoch': 1.0}
2024-09-14 03:48:04,476 - INFO - Optimization Suggestions:
To effectively improve the performance of your AI system based on the given evaluation metrics, we need to focus on reducing the evaluation loss (`eval_loss`) and increasing the evaluation accuracy (`eval_accuracy`). Here are some general suggestions that can help achieve better performance:

1. **Learning Rate Adjustment**: A common and impactful parameter to tweak is the learning rate. If the learning rate is too high, the model may not converge well, leading to higher loss. If it's too low, the training may be too slow and might get stuck in local minima.

2. **Increase Epochs**: Training the model for more epochs might help in improving accuracy, especially if the model hasn't fully converged yet.

3. **Regularization**: Adding dropout or L2 regularization can help in preventing overfitting, which might improve evaluation accuracy.

4. **Batch Size**: Adjusting the batch size can sometimes lead to better optimization dynamics.

Here are specific code changes based on these suggestions:

### Adjust Learning Rate and Increase Epochs

```python
# File: train_model.py
# Original Code:
training_args = TrainingArguments(
    output_dir='./results',          
    num_train_epochs=1,              
    per_device_train_batch_size=8,  
    per_device_eval_batch_size=8,   
    warmup_steps=500,                
    weight_decay=0.01,               
    logging_dir='./logs',            
    logging_steps=10,
    learning_rate=5e-5,              
)

# Updated Code:
training_args = TrainingArguments(
    output_dir='./results',          
    num_train_epochs=3,              # Increase number of epochs
    per_device_train_batch_size=8,  
    per_device_eval_batch_size=8,   
    warmup_steps=500,                
    weight_decay=0.01,               
    logging_dir='./logs',            
    logging_steps=10,
    learning_rate=3e-5,              # Lower learning rate
)
```

### Add Dropout for Regularization

```python
# File: model_definition.py
# Original Code:
model = MyModel(
    hidden_size=768,
    num_layers=12,
    dropout_rate=0.1,  # Original dropout rate
)

# Updated Code:
model = MyModel(
    hidden_size=768,
    num_layers=12,
    dropout_rate=0.3,  # Increase dropout rate to prevent overfitting
)
```

### Explanation

1. **Learning Rate Adjustment**: Lowering the learning rate from `5e-5` to `3e-5` can often help in achieving better convergence. The original learning rate might have been too high, causing the model to miss optimal points in the loss landscape.

2. **Increase Epochs**: Increasing the number of epochs from 1 to 3 allows the model more time to learn and can lead to better performance, assuming the model has not already overfitted.

3. **Dropout Regularization**: Increasing the dropout rate from `0.1` to `0.3` helps in preventing overfitting, especially if the current model is overfitting on the training data but not performing as well on the evaluation set.

These changes are expected to reduce the `eval_loss` and potentially increase the `eval_accuracy` by providing a better balance between training effectiveness and regularization.
2024-09-14 03:48:04,480 - INFO - Code backup completed.
2024-09-14 03:48:04,481 - INFO - Code updated successfully.
2024-09-14 03:48:05,942 - INFO - Loaded benchmark dataset: GLUE SST-2
2024-09-14 03:48:13,099 - INFO - Benchmark Results: {'eval_loss': 0.698837161064148, 'eval_accuracy': 0.4873853211009174, 'eval_runtime': 6.2864, 'eval_samples_per_second': 138.712, 'eval_steps_per_second': 17.339}
2024-09-14 03:48:13,106 - INFO - Benchmark Results: {'eval_loss': 0.698837161064148, 'eval_accuracy': 0.4873853211009174, 'eval_runtime': 6.2864, 'eval_samples_per_second': 138.712, 'eval_steps_per_second': 17.339}
2024-09-14 03:48:13,107 - INFO - Report saved to reports/Investigate_a_novel_pruning_and_quantization_techn_20240914034813.md
2024-09-14 03:48:13,107 - INFO - Starting run 2 of 5
2024-09-14 03:48:13,107 - INFO - Attempt 1 of 3
2024-09-14 03:48:16,392 - INFO - Generated ideas: ['1. **Adaptive Learning Rate Optimization:** Develop an algorithm that dynamically adjusts the learning rate of neural networks based on real-time performance metrics. This approach should aim to enhance training efficiency and model convergence, particularly for small datasets or limited epochs, making it feasible for execution on a single GPU within a week.', '2. **Lightweight Meta-Learning for Hyperparameter Tuning:** Design a meta-learning framework that leverages small-scale experiments to rapidly identify optimal hyperparameters for different neural network architectures. This framework should incorporate techniques such as Bayesian optimization or reinforcement learning to iteratively improve hyperparameter selection while minimizing computational overhead.', '3. **Efficient Data Augmentation Strategies:** Investigate and implement novel data augmentation techniques that can be applied on-the-fly during training to improve model robustness and generalization. The focus should be on creating computationally inexpensive transformations that can be integrated seamlessly into the training pipeline without significantly increasing training time.', '4. **Pruning and Quantization for Model Compression:** Explore the combination of pruning and quantization techniques to compress neural networks without substantial loss in performance. Develop a method to identify and remove redundant neurons or layers, and quantize the remaining weights to reduce memory and computational requirements, making it suitable for deployment on resource-constrained devices.', '5. **Self-Supervised Learning with Limited Labels:** Create a self-supervised learning algorithm that can effectively learn representations from a large pool of unlabeled data and fine-tune using a minimal amount of labeled data. This approach should utilize contrastive learning or other self-supervised techniques to maximize data efficiency and model performance with limited computational resources.']
2024-09-14 03:48:16,825 - INFO - Idea: 1. **Adaptive Learning Rate Optimization:** Develop an algorithm that dynamically adjusts the learning rate of neural networks based on real-time performance metrics. This approach should aim to enhance training efficiency and model convergence, particularly for small datasets or limited epochs, making it feasible for execution on a single GPU within a week., Novelty: 6, Success: 8
2024-09-14 03:48:17,179 - INFO - Idea: 2. **Lightweight Meta-Learning for Hyperparameter Tuning:** Design a meta-learning framework that leverages small-scale experiments to rapidly identify optimal hyperparameters for different neural network architectures. This framework should incorporate techniques such as Bayesian optimization or reinforcement learning to iteratively improve hyperparameter selection while minimizing computational overhead., Novelty: 6, Success: 8
2024-09-14 03:48:18,328 - INFO - Idea: 3. **Efficient Data Augmentation Strategies:** Investigate and implement novel data augmentation techniques that can be applied on-the-fly during training to improve model robustness and generalization. The focus should be on creating computationally inexpensive transformations that can be integrated seamlessly into the training pipeline without significantly increasing training time., Novelty: 5, Success: 7
2024-09-14 03:48:18,731 - INFO - Idea: 4. **Pruning and Quantization for Model Compression:** Explore the combination of pruning and quantization techniques to compress neural networks without substantial loss in performance. Develop a method to identify and remove redundant neurons or layers, and quantize the remaining weights to reduce memory and computational requirements, making it suitable for deployment on resource-constrained devices., Novelty: 4, Success: 8
2024-09-14 03:48:19,049 - INFO - Idea: 5. **Self-Supervised Learning with Limited Labels:** Create a self-supervised learning algorithm that can effectively learn representations from a large pool of unlabeled data and fine-tune using a minimal amount of labeled data. This approach should utilize contrastive learning or other self-supervised techniques to maximize data efficiency and model performance with limited computational resources., Novelty: 6, Success: 8
2024-09-14 03:48:31,720 - INFO - Experiment Plan:
### 1. Objective

The objective of this experiment is to test the effectiveness of an Adaptive Learning Rate Optimization (ALRO) algorithm designed to dynamically adjust the learning rate of neural networks based on real-time performance metrics. The goal is to enhance training efficiency and model convergence, particularly for small datasets or limited epochs, making it feasible for execution on a single GPU within a week.

### 2. Methodology

**Overview:**
1. **Algorithm Implementation:** Implement the ALRO algorithm, which will dynamically adjust the learning rate based on performance metrics such as loss and accuracy during the training process.
2. **Comparative Study:** Compare the performance of the ALRO-enhanced model against baseline models using static learning rates.
3. **Training and Evaluation:** Train both the ALRO-enhanced and baseline models on selected datasets and evaluate their performance using predefined metrics.

**Steps:**
1. **Data Preparation:** Load and preprocess the chosen datasets.
2. **Model Setup:** Define the neural network architectures.
3. **Baseline Training:** Train the baseline models with static learning rates.
4. **ALRO Training:** Train the models employing the ALRO algorithm.
5. **Performance Evaluation:** Compare the models based on convergence speed, final accuracy, and loss.

### 3. Datasets

The chosen datasets, available on Hugging Face Datasets, are:

1. **IMDb Reviews:** A dataset for binary sentiment classification.
2. **Fashion MNIST:** A dataset of Zalando's article images for multiclass classification.
3. **Wine Quality:** A dataset containing wine quality metrics for regression analysis.

### 4. Model Architecture

**For Sentiment Classification (IMDb Reviews):**
- **Model Type:** LSTM-based Recurrent Neural Network (RNN)
- **Layers:** 
  - Embedding Layer
  - LSTM Layer
  - Dense Layer with Sigmoid activation

**For Image Classification (Fashion MNIST):**
- **Model Type:** Convolutional Neural Network (CNN)
- **Layers:**
  - Convolutional Layers with ReLU activation
  - MaxPooling Layers
  - Fully Connected Layers with Softmax activation

**For Regression (Wine Quality):**
- **Model Type:** Fully Connected Neural Network (FCNN)
- **Layers:**
  - Dense Layers with ReLU activation
  - Output Layer with Linear activation

### 5. Hyperparameters

**Common Hyperparameters:**
- **Batch Size:** 32
- **Initial Learning Rate:** 0.001
- **Epochs:** 50
- **Optimizer:** Adam
- **Loss Functions:** 
  - Binary Cross-Entropy for IMDb Reviews
  - Categorical Cross-Entropy for Fashion MNIST
  - Mean Squared Error for Wine Quality

**ALRO-Specific Hyperparameters:**
- **Initial Learning Rate Range:** [0.0001, 0.01]
- **Performance Metric Thresholds:** 
  - Loss Improvement Threshold: 0.01
  - Accuracy Improvement Threshold: 0.005
- **Adjustment Frequency:** Every 10 epochs

### 6. Evaluation Metrics

**Primary Metrics:**
- **Convergence Speed:** Number of epochs to reach a predefined loss threshold.
- **Final Accuracy:** Accuracy of the model on the test set after training.
- **Final Loss:** Loss of the model on the test set after training.

**Secondary Metrics:**
- **Training Time:** Total time taken to train the model.
- **Learning Rate Evolution:** Changes in learning rate over epochs.
- **Model Stability:** Variance in performance metrics across multiple runs.

### Execution Plan

1. **Initial Setup:**
   - Set up the computing environment with necessary libraries (TensorFlow/PyTorch, Hugging Face Datasets).

2. **Dataset Preparation:**
   - Load and preprocess the IMDb Reviews, Fashion MNIST, and Wine Quality datasets.

3. **Baseline Training:**
   - Train the baseline models with static learning rates and record performance metrics.

4. **ALRO Implementation and Training:**
   - Implement the ALRO algorithm.
   - Train the models using the ALRO algorithm and record performance metrics.

5. **Performance Comparison:**
   - Compare the ALRO-enhanced models with baseline models using the recorded metrics.

6. **Analysis and Reporting:**
   - Analyze the results to determine the effectiveness of the ALRO algorithm.
   - Prepare a detailed report of the findings, including visualizations of learning rate changes and performance metrics.

By following this plan, the experiment aims to rigorously test the hypothesis that an adaptive learning rate can improve the training efficiency and model performance, especially under constrained conditions like small datasets and limited training epochs.
2024-09-14 03:48:31,720 - INFO - Using device: cuda
2024-09-14 03:48:32,205 - INFO - Loaded dataset: ag_news
2024-09-14 03:48:33,036 - INFO - Starting training...
2024-09-14 03:49:02,953 - INFO - Evaluating the model...
2024-09-14 03:49:06,779 - INFO - Experiment Results: {'eval_loss': 0.42382848262786865, 'eval_accuracy': 0.862, 'eval_runtime': 3.8242, 'eval_samples_per_second': 130.746, 'eval_steps_per_second': 16.474, 'epoch': 1.0}
2024-09-14 03:50:00,165 - INFO - Refined Experiment Plan:
Certainly! Based on the obtained results, here are some suggestions for improving performance:
1. **Refine Hyperparameters:** Tuning hyperparameters such as batch size, learning rate range, and adjustment frequency could lead to better performance.
2. **Increase Epochs:** Extending the number of epochs may help the model converge better.
3. **Change Model Architectures:** Experimenting with different neural network architectures or adding regularization techniques like dropout could enhance performance.
4. **Data Augmentation:** For datasets like Fashion MNIST, applying data augmentation techniques can improve the model's generalization.
5. **Advanced ALRO Mechanisms:** Incorporating more sophisticated algorithms for learning rate adjustment, such as incorporating momentum or utilizing a cyclical learning rate approach.
6. **Performance Metric Enhancements:** Introducing more granular performance metrics and thresholds for more dynamic adjustments.

### Updated Experiment Plan

### 1. Objective

The objective of this experiment is to test the effectiveness of an Adaptive Learning Rate Optimization (ALRO) algorithm designed to dynamically adjust the learning rate of neural networks based on real-time performance metrics. The goal is to enhance training efficiency and model convergence, particularly for small datasets or limited epochs, making it feasible for execution on a single GPU within a week.

### 2. Methodology

**Overview:**
1. **Algorithm Implementation:** Implement the ALRO algorithm, which will dynamically adjust the learning rate based on performance metrics such as loss and accuracy during the training process.
2. **Comparative Study:** Compare the performance of the ALRO-enhanced model against baseline models using static learning rates.
3. **Training and Evaluation:** Train both the ALRO-enhanced and baseline models on selected datasets and evaluate their performance using predefined metrics.

**Steps:**
1. **Data Preparation:** Load and preprocess the chosen datasets with potential data augmentation for image datasets.
2. **Model Setup:** Define the neural network architectures with potential enhancements like dropout layers.
3. **Baseline Training:** Train the baseline models with static learning rates.
4. **ALRO Training:** Train the models employing the ALRO algorithm with refined hyperparameters.
5. **Performance Evaluation:** Compare the models based on convergence speed, final accuracy, and loss.

### 3. Datasets

The chosen datasets, available on Hugging Face Datasets, are:

1. **IMDb Reviews:** A dataset for binary sentiment classification.
2. **Fashion MNIST:** A dataset of Zalando's article images for multiclass classification.
3. **Wine Quality:** A dataset containing wine quality metrics for regression analysis.

### 4. Model Architecture

**For Sentiment Classification (IMDb Reviews):**
- **Model Type:** LSTM-based Recurrent Neural Network (RNN)
- **Layers:**
  - Embedding Layer
  - LSTM Layer
  - Dense Layer with Sigmoid activation

**For Image Classification (Fashion MNIST):**
- **Model Type:** Convolutional Neural Network (CNN)
- **Layers:**
  - Convolutional Layers with ReLU activation
  - MaxPooling Layers
  - Dropout Layers
  - Fully Connected Layers with Softmax activation

**For Regression (Wine Quality):**
- **Model Type:** Fully Connected Neural Network (FCNN)
- **Layers:**
  - Dense Layers with ReLU activation
  - Dropout Layers
  - Output Layer with Linear activation

### 5. Hyperparameters

**Common Hyperparameters:**
- **Batch Size:** 64 (increased for better generalization and speed)
- **Initial Learning Rate:** 0.001
- **Epochs:** 100 (increased to allow more time for convergence)
- **Optimizer:** Adam
- **Loss Functions:**
  - Binary Cross-Entropy for IMDb Reviews
  - Categorical Cross-Entropy for Fashion MNIST
  - Mean Squared Error for Wine Quality

**ALRO-Specific Hyperparameters:**
- **Initial Learning Rate Range:** [0.0001, 0.01]
- **Performance Metric Thresholds:**
  - Loss Improvement Threshold: 0.005 (more granular)
  - Accuracy Improvement Threshold: 0.0025 (more granular)
- **Adjustment Frequency:** Every 5 epochs (more frequent adjustments)

### 6. Evaluation Metrics

**Primary Metrics:**
- **Convergence Speed:** Number of epochs to reach a predefined loss threshold.
- **Final Accuracy:** Accuracy of the model on the test set after training.
- **Final Loss:** Loss of the model on the test set after training.

**Secondary Metrics:**
- **Training Time:** Total time taken to train the model.
- **Learning Rate Evolution:** Changes in learning rate over epochs.
- **Model Stability:** Variance in performance metrics across multiple runs.

### Execution Plan

1. **Initial Setup:**
   - Set up the computing environment with necessary libraries (TensorFlow/PyTorch, Hugging Face Datasets).

2. **Dataset Preparation:**
   - Load and preprocess the IMDb Reviews, Fashion MNIST, and Wine Quality datasets.
   - Apply data augmentation techniques to Fashion MNIST.

3. **Baseline Training:**
   - Train the baseline models with static learning rates and record performance metrics.

4. **ALRO Implementation and Training:**
   - Implement the ALRO algorithm with updated hyperparameters.
   - Train the models using the ALRO algorithm and record performance metrics.

5. **Performance Comparison:**
   - Compare the ALRO-enhanced models with baseline models using the recorded metrics.

6. **Analysis and Reporting:**
   - Analyze the results to determine the effectiveness of the ALRO algorithm.
   - Prepare a detailed report of the findings, including visualizations of learning rate changes and performance metrics.

These updates aim to provide a more robust evaluation of the ALRO algorithm's impact on model performance and training efficiency.
2024-09-14 03:50:00,165 - INFO - Using device: cuda
2024-09-14 03:50:00,680 - INFO - Loaded dataset: ag_news
2024-09-14 03:50:01,447 - INFO - Starting training...
2024-09-14 03:50:30,897 - INFO - Evaluating the model...
2024-09-14 03:50:34,699 - INFO - Experiment Results: {'eval_loss': 0.432305246591568, 'eval_accuracy': 0.856, 'eval_runtime': 3.8002, 'eval_samples_per_second': 131.57, 'eval_steps_per_second': 16.578, 'epoch': 1.0}
2024-09-14 03:50:42,232 - INFO - Optimization Suggestions:
Based on the provided evaluation results, the system shows a decent evaluation accuracy of 85.6% but has room for improvement. Here are some suggestions to potentially improve the performance:

1. **Learning Rate Adjustment**: Sometimes, tweaking the learning rate can help the model converge better. If the learning rate is too high, the model might skip over optimal solutions. If it's too low, the model might converge too slowly or get stuck in local minima.

2. **Batch Size**: Adjusting the batch size can also affect the training dynamics. A larger batch size can provide a more accurate estimate of the gradient but requires more memory.

3. **Model Architecture**: If the model is underfitting, adding more layers or increasing the number of units per layer can help. If it's overfitting, regularization techniques such as dropout can be employed.

4. **Optimizer**: Changing the optimizer or its parameters can sometimes lead to better performance. For example, switching from SGD to Adam or tweaking the parameters of Adam.

Let's assume the filename of the main training script is `train.py`.

### Suggested Code Changes:

#### 1. Learning Rate Adjustment

```python
# File: train.py
# Original Code:
optimizer = torch.optim.Adam(model.parameters(), lr=0.001)

# Updated Code:
optimizer = torch.optim.Adam(model.parameters(), lr=0.0005)
```

#### 2. Batch Size Adjustment

```python
# File: train.py
# Original Code:
train_loader = DataLoader(train_dataset, batch_size=32, shuffle=True)

# Updated Code:
train_loader = DataLoader(train_dataset, batch_size=64, shuffle=True)
```

#### 3. Adding Dropout for Regularization

```python
# File: train.py
# Original Code:
class MyModel(nn.Module):
    def __init__(self):
        super(MyModel, self).__init__()
        self.fc1 = nn.Linear(input_dim, hidden_dim)
        self.fc2 = nn.Linear(hidden_dim, output_dim)

    def forward(self, x):
        x = F.relu(self.fc1(x))
        x = self.fc2(x)
        return x

# Updated Code:
class MyModel(nn.Module):
    def __init__(self):
        super(MyModel, self).__init__()
        self.fc1 = nn.Linear(input_dim, hidden_dim)
        self.dropout = nn.Dropout(p=0.5)
        self.fc2 = nn.Linear(hidden_dim, output_dim)

    def forward(self, x):
        x = F.relu(self.fc1(x))
        x = self.dropout(x)
        x = self.fc2(x)
        return x
```

### Explanation:

1. **Learning Rate Adjustment**: Lowering the learning rate from 0.001 to 0.0005 can allow the model to learn more gradually, potentially finding a better minimum on the loss surface.

2. **Batch Size Adjustment**: Increasing the batch size from 32 to 64 can stabilize the gradient estimates and might lead to better convergence. However, this requires more memory, so ensure your environment can handle it.

3. **Adding Dropout for Regularization**: Adding a dropout layer with a dropout rate of 0.5 can help prevent overfitting by randomly setting some of the activations to zero during training, which forces the model to learn more robust features.

These changes are safe and should not introduce errors. They provide a good starting point for further experimentation to improve the model's performance on benchmark tests.
2024-09-14 03:50:42,236 - INFO - Code backup completed.
2024-09-14 03:50:42,237 - INFO - Code updated successfully.
2024-09-14 03:50:42,908 - INFO - Loaded benchmark dataset: GLUE SST-2
2024-09-14 03:50:49,921 - INFO - Benchmark Results: {'eval_loss': 0.698837161064148, 'eval_accuracy': 0.4873853211009174, 'eval_runtime': 6.2695, 'eval_samples_per_second': 139.085, 'eval_steps_per_second': 17.386}
2024-09-14 03:50:49,928 - INFO - Benchmark Results: {'eval_loss': 0.698837161064148, 'eval_accuracy': 0.4873853211009174, 'eval_runtime': 6.2695, 'eval_samples_per_second': 139.085, 'eval_steps_per_second': 17.386}
2024-09-14 03:50:49,929 - INFO - Report saved to reports/1._**Adaptive_Learning_Rate_Optimization:**_Develo_20240914035049.md
2024-09-14 03:50:49,929 - INFO - Starting run 3 of 5
2024-09-14 03:50:49,929 - INFO - Attempt 1 of 3
2024-09-14 03:50:52,549 - INFO - Generated ideas: ['**Adaptive Hyperparameter Tuning via Meta-Learning:** Develop a meta-learning algorithm that can dynamically adapt hyperparameters during training based on real-time feedback from model performance metrics. This approach can be implemented on a single GPU by leveraging efficient checkpointing and gradient-based optimization.', '**Lightweight Model Pruning Techniques:** Investigate new methods for pruning neural networks that retain high accuracy while significantly reducing the number of parameters. Focus on creating algorithms that can identify and remove redundant neurons in a single training phase, suitable for execution within a week on a single GPU.', "**Self-Supervised Data Augmentation:** Design a self-supervised learning framework that automatically generates useful data augmentations by learning from the data distribution itself. This can involve training a small auxiliary network that predicts the optimal augmentation strategies, thus enhancing the main model's robustness and accuracy.", '**Efficient Transfer Learning with Knowledge Distillation:** Explore a streamlined approach to transfer learning by combining it with knowledge distillation. Train a smaller student model using distilled knowledge from a pre-trained teacher model, aiming to achieve comparable performance with reduced computational overhead.', "**Automated Error Analysis and Correction:** Create an automated system that analyzes model errors in real-time and suggests potential corrections. This system would use a lightweight secondary model to identify patterns in the errors and provide insights or adjustments to the main model's training process, all while operating within the constraints of limited computational resources."]
2024-09-14 03:50:52,937 - INFO - Idea: **Adaptive Hyperparameter Tuning via Meta-Learning:** Develop a meta-learning algorithm that can dynamically adapt hyperparameters during training based on real-time feedback from model performance metrics. This approach can be implemented on a single GPU by leveraging efficient checkpointing and gradient-based optimization., Novelty: 7, Success: 8
2024-09-14 03:50:53,331 - INFO - Idea: **Lightweight Model Pruning Techniques:** Investigate new methods for pruning neural networks that retain high accuracy while significantly reducing the number of parameters. Focus on creating algorithms that can identify and remove redundant neurons in a single training phase, suitable for execution within a week on a single GPU., Novelty: 6, Success: 8
2024-09-14 03:50:54,018 - INFO - Idea: **Self-Supervised Data Augmentation:** Design a self-supervised learning framework that automatically generates useful data augmentations by learning from the data distribution itself. This can involve training a small auxiliary network that predicts the optimal augmentation strategies, thus enhancing the main model's robustness and accuracy., Novelty: 7, Success: 8
2024-09-14 03:50:54,423 - INFO - Idea: **Efficient Transfer Learning with Knowledge Distillation:** Explore a streamlined approach to transfer learning by combining it with knowledge distillation. Train a smaller student model using distilled knowledge from a pre-trained teacher model, aiming to achieve comparable performance with reduced computational overhead., Novelty: 6, Success: 8
2024-09-14 03:50:54,758 - INFO - Idea: **Automated Error Analysis and Correction:** Create an automated system that analyzes model errors in real-time and suggests potential corrections. This system would use a lightweight secondary model to identify patterns in the errors and provide insights or adjustments to the main model's training process, all while operating within the constraints of limited computational resources., Novelty: 7, Success: 8
2024-09-14 03:51:01,784 - INFO - Experiment Plan:
### Experiment Plan: Adaptive Hyperparameter Tuning via Meta-Learning

#### 1. Objective
The primary objective of this experiment is to develop and evaluate a meta-learning algorithm that dynamically adapts hyperparameters during the training process based on real-time feedback from model performance metrics. The goal is to enhance the performance and efficiency of AI models by automatically fine-tuning hyperparameters, thereby reducing the need for manual hyperparameter tuning.

#### 2. Methodology
The experiment will follow these steps:
1. **Setup and Initialization**:
   - Select a base model architecture and initial hyperparameters.
   - Implement the meta-learning algorithm to adjust hyperparameters in real-time.
   - Use efficient checkpointing and gradient-based optimization to manage computational resources.

2. **Training Loop**:
   - Train the base model on the selected dataset.
   - At regular intervals (e.g., every epoch or batch), evaluate the model's performance using validation data.
   - Use the meta-learning algorithm to adjust hyperparameters based on the performance metrics.

3. **Meta-Learning Algorithm**:
   - Implement a meta-learning algorithm that uses gradient-based optimization to update hyperparameters.
   - The algorithm will take as input the performance metrics and current hyperparameters and output adjusted hyperparameters.

4. **Evaluation**:
   - Compare the performance of the model with adaptive hyperparameter tuning against a baseline model with static hyperparameters.
   - Use predefined evaluation metrics to assess performance improvements.

#### 3. Datasets
The following datasets available on Hugging Face Datasets will be used:
- **Image Classification**: CIFAR-10 (`cifar10`)
- **Natural Language Processing**: IMDB Reviews (`imdb`)
- **Time Series Forecasting**: Electricity Load Diagrams (`electricity`)

#### 4. Model Architecture
The experiment will use different model architectures for each task:
- **Image Classification**: ResNet-18
- **Natural Language Processing**: BERT (base-uncased)
- **Time Series Forecasting**: LSTM Network

#### 5. Hyperparameters
Initial hyperparameters for each model:
- **ResNet-18 (Image Classification)**:
  - Learning Rate: 0.001
  - Batch Size: 64
  - Momentum: 0.9
  - Weight Decay: 1e-4
  
- **BERT (NLP)**:
  - Learning Rate: 2e-5
  - Batch Size: 32
  - Max Sequence Length: 128
  - Warmup Steps: 1000

- **LSTM (Time Series)**:
  - Learning Rate: 0.01
  - Batch Size: 128
  - Hidden Units: 64
  - Dropout Rate: 0.5

#### 6. Evaluation Metrics
The performance of the models will be evaluated using the following metrics:
- **Image Classification (CIFAR-10)**:
  - Accuracy
  - F1 Score

- **Natural Language Processing (IMDB)**:
  - Accuracy
  - F1 Score (Macro)

- **Time Series Forecasting (Electricity)**:
  - Mean Absolute Error (MAE)
  - Root Mean Squared Error (RMSE)

By conducting this experiment, we aim to demonstrate the effectiveness of adaptive hyperparameter tuning via meta-learning and its potential to significantly enhance model performance across different AI/ML tasks.
2024-09-14 03:51:01,784 - INFO - Using device: cuda
2024-09-14 03:51:02,365 - INFO - Loaded dataset: ag_news
2024-09-14 03:51:03,149 - INFO - Starting training...
2024-09-14 03:51:32,797 - INFO - Evaluating the model...
2024-09-14 03:51:36,612 - INFO - Experiment Results: {'eval_loss': 0.42382848262786865, 'eval_accuracy': 0.862, 'eval_runtime': 3.8133, 'eval_samples_per_second': 131.119, 'eval_steps_per_second': 16.521, 'epoch': 1.0}
2024-09-14 03:51:47,847 - INFO - Refined Experiment Plan:
### Experiment Plan: Adaptive Hyperparameter Tuning via Meta-Learning (Updated)

#### 1. Objective
The primary objective of this experiment is to develop and evaluate a meta-learning algorithm that dynamically adapts hyperparameters during the training process based on real-time feedback from model performance metrics. The goal is to enhance the performance and efficiency of AI models by automatically fine-tuning hyperparameters, thereby reducing the need for manual hyperparameter tuning.

#### 2. Methodology
The experiment will follow these steps:
1. **Setup and Initialization**:
   - Select a base model architecture and initial hyperparameters.
   - Implement the meta-learning algorithm to adjust hyperparameters in real-time.
   - Use efficient checkpointing and gradient-based optimization to manage computational resources.

2. **Training Loop**:
   - Train the base model on the selected dataset.
   - At regular intervals (e.g., every epoch or batch), evaluate the model's performance using validation data.
   - Use the meta-learning algorithm to adjust hyperparameters based on the performance metrics.

3. **Meta-Learning Algorithm**:
   - Implement a meta-learning algorithm that uses gradient-based optimization to update hyperparameters.
   - The algorithm will take as input the performance metrics and current hyperparameters and output adjusted hyperparameters.
   - **Update**: Introduce a more sophisticated meta-learning algorithm, such as Reinforcement Learning-based Hyperparameter Optimization (RL-HPO), to better explore the hyperparameter space.

4. **Evaluation**:
   - Compare the performance of the model with adaptive hyperparameter tuning against a baseline model with static hyperparameters.
   - Use predefined evaluation metrics to assess performance improvements.
   - **Update**: Add cross-validation to the evaluation process to ensure the robustness of the results.

#### 3. Datasets
The following datasets available on Hugging Face Datasets will be used:
- **Image Classification**: CIFAR-10 (`cifar10`)
- **Natural Language Processing**: IMDB Reviews (`imdb`)
- **Time Series Forecasting**: Electricity Load Diagrams (`electricity`)

#### 4. Model Architecture
The experiment will use different model architectures for each task:
- **Image Classification**: ResNet-18
- **Natural Language Processing**: BERT (base-uncased)
- **Time Series Forecasting**: LSTM Network

#### 5. Hyperparameters
Initial hyperparameters for each model:
- **ResNet-18 (Image Classification)**:
  - Learning Rate: 0.001
  - Batch Size: 64
  - Momentum: 0.9
  - Weight Decay: 1e-4
  
- **BERT (NLP)**:
  - Learning Rate: 2e-5
  - Batch Size: 32
  - Max Sequence Length: 128
  - Warmup Steps: 1000

- **LSTM (Time Series)**:
  - Learning Rate: 0.01
  - Batch Size: 128
  - Hidden Units: 64
  - Dropout Rate: 0.5

#### 6. Evaluation Metrics
The performance of the models will be evaluated using the following metrics:
- **Image Classification (CIFAR-10)**:
  - Accuracy
  - F1 Score

- **Natural Language Processing (IMDB)**:
  - Accuracy
  - F1 Score (Macro)

- **Time Series Forecasting (Electricity)**:
  - Mean Absolute Error (MAE)
  - Root Mean Squared Error (RMSE)

**Updates to Improve Performance**:
- **Enhance Meta-Learning Algorithm**: Implement RL-HPO to explore a broader hyperparameter space and dynamically adjust hyperparameters more effectively.
- **Cross-Validation**: Incorporate cross-validation to ensure the robustness of the evaluation results.
- **Hyperparameter Initialization**: Explore different initialization strategies for hyperparameters to avoid suboptimal starting points.
- **Regularization Techniques**: Add advanced regularization techniques like Dropout for ResNet-18 and BERT to prevent overfitting.
- **Learning Rate Schedulers**: Utilize learning rate schedulers that adapt the learning rate based on performance, such as ReduceLROnPlateau.

By implementing these improvements, we aim to demonstrate the enhanced effectiveness of adaptive hyperparameter tuning via meta-learning and its potential to significantly boost model performance across different AI/ML tasks.
2024-09-14 03:51:47,847 - INFO - Using device: cuda
2024-09-14 03:51:48,385 - INFO - Loaded dataset: ag_news
2024-09-14 03:51:49,147 - INFO - Starting training...
2024-09-14 03:52:18,900 - INFO - Evaluating the model...
2024-09-14 03:52:22,724 - INFO - Experiment Results: {'eval_loss': 0.432305246591568, 'eval_accuracy': 0.856, 'eval_runtime': 3.8218, 'eval_samples_per_second': 130.828, 'eval_steps_per_second': 16.484, 'epoch': 1.0}
2024-09-14 03:52:30,037 - INFO - Optimization Suggestions:
Based on the provided results, the key metrics to focus on for improvement are `eval_loss` and `eval_accuracy`. Here are some specific changes that could be made to the system's code or parameters to improve its performance:

1. **Learning Rate Adjustment**: A common approach to improve model performance is to adjust the learning rate. If the learning rate is too high, the model may converge too quickly to a suboptimal solution. Conversely, if it is too low, the training process may be too slow or get stuck in local minima.

2. **Batch Size**: Adjusting the batch size can also impact the model's performance. A larger batch size can provide more accurate gradient estimates, while a smaller batch size can introduce more noise, which might help escape local minima.

3. **Regularization**: Adding or adjusting regularization techniques like dropout can help prevent overfitting and improve generalization.

4. **Optimizer Choice**: Experimenting with different optimizers like Adam, RMSprop, or SGD can also lead to performance improvements.

Here's an example of how to implement these suggestions:

```python
# File: train_model.py
# Original Code:
from transformers import Trainer, TrainingArguments

training_args = TrainingArguments(
    output_dir='./results',          
    num_train_epochs=1,             
    per_device_train_batch_size=8,  
    per_device_eval_batch_size=8,   
    warmup_steps=500,               
    weight_decay=0.01,              
    logging_dir='./logs',           
    logging_steps=10,
)

trainer = Trainer(
    model=model,                         
    args=training_args,                  
    train_dataset=train_dataset,         
    eval_dataset=eval_dataset            
)

trainer.train()
# Updated Code:
from transformers import Trainer, TrainingArguments

training_args = TrainingArguments(
    output_dir='./results',          
    num_train_epochs=3,              # Increased number of epochs to allow more training
    per_device_train_batch_size=16,  # Increased batch size for more stable gradient estimates
    per_device_eval_batch_size=16,   
    warmup_steps=1000,               # Increased warmup steps for better learning rate adaptation
    weight_decay=0.01,               
    logging_dir='./logs',           
    logging_steps=10,
    learning_rate=3e-5,              # Adjusted learning rate for potentially better convergence
    evaluation_strategy="epoch",     # Evaluate at the end of each epoch
    save_strategy="epoch",           # Save model at the end of each epoch
)

trainer = Trainer(
    model=model,                         
    args=training_args,                  
    train_dataset=train_dataset,         
    eval_dataset=eval_dataset            
)

trainer.train()
```

### Explanation:
1. **Increased Number of Epochs**: Training for more epochs allows the model to learn more from the data, which can improve performance if the model is not yet overfitting.
2. **Increased Batch Size**: A larger batch size can improve the stability of gradient estimates, which can lead to better performance.
3. **Increased Warmup Steps**: More warmup steps can help the model adjust its learning rate gradually, leading to better convergence.
4. **Adjusted Learning Rate**: A slightly lower learning rate can help the model converge to a better solution by making finer adjustments to the weights.
5. **Evaluation and Saving Strategy**: Evaluating and saving the model at the end of each epoch ensures that the best model is saved and can provide insights into the model's performance over time.

These changes are intended to provide a more robust training process, potentially improving both accuracy and reducing loss. Always ensure to monitor the training process and adjust parameters as needed based on the observed results.
2024-09-14 03:52:30,041 - INFO - Code backup completed.
2024-09-14 03:52:30,041 - INFO - Code updated successfully.
2024-09-14 03:52:30,832 - INFO - Loaded benchmark dataset: GLUE SST-2
2024-09-14 03:52:37,794 - INFO - Benchmark Results: {'eval_loss': 0.698837161064148, 'eval_accuracy': 0.4873853211009174, 'eval_runtime': 6.3022, 'eval_samples_per_second': 138.364, 'eval_steps_per_second': 17.295}
2024-09-14 03:52:37,801 - INFO - Benchmark Results: {'eval_loss': 0.698837161064148, 'eval_accuracy': 0.4873853211009174, 'eval_runtime': 6.3022, 'eval_samples_per_second': 138.364, 'eval_steps_per_second': 17.295}
2024-09-14 03:52:37,802 - INFO - Report saved to reports/**Adaptive_Hyperparameter_Tuning_via_Meta-Learning_20240914035237.md
2024-09-14 03:52:37,802 - INFO - Starting run 4 of 5
2024-09-14 03:52:37,802 - INFO - Attempt 1 of 3
2024-09-14 03:52:42,355 - INFO - Generated ideas: ['1. **Optimized Hyperparameter Tuning Using Bayesian Optimization on Lightweight Models:**', 'Develop a streamlined Bayesian optimization framework tailored for lightweight models (e.g., small neural networks or decision trees) that can efficiently identify optimal hyperparameters with minimal computational resources. This project can explore surrogate models and acquisition functions that are computationally inexpensive.', '2. **Sparse Matrix Multiplication for Efficient Deep Learning Training:**', 'Implement and evaluate a sparse matrix multiplication algorithm designed to reduce the computational load during the training of deep learning models. The project can focus on identifying and leveraging sparsity patterns in existing datasets and models to enhance training speed on a single GPU without sacrificing accuracy.', '3. **Meta-Learning for Fast Adaptation in Few-Shot Learning:**', 'Create a meta-learning algorithm that can quickly adapt pre-trained models to new tasks with very few examples. The project can use model-agnostic meta-learning (MAML) techniques optimized for small-scale datasets and limited computational resources to demonstrate rapid learning capabilities.', '4. **Low-Precision Computation for Neural Networks:**', 'Investigate the effects of low-precision arithmetic (e.g., 8-bit or 16-bit floating point) on the training and inference performance of neural networks. The project aims to develop quantization-aware training techniques that maintain model accuracy while significantly reducing computational overhead.', '5. **Incremental Learning with Memory-Efficient Techniques:**', 'Design and test an incremental learning algorithm that updates models using a small subset of data while retaining performance on previously learned tasks. The project can explore memory-efficient strategies such as elastic weight consolidation (EWC) or rehearsal methods to ensure the model can continually learn without access to extensive computational resources.']
2024-09-14 03:52:42,794 - INFO - Idea: 1. **Optimized Hyperparameter Tuning Using Bayesian Optimization on Lightweight Models:**, Novelty: 4, Success: 7
2024-09-14 03:52:43,193 - INFO - Idea: Develop a streamlined Bayesian optimization framework tailored for lightweight models (e.g., small neural networks or decision trees) that can efficiently identify optimal hyperparameters with minimal computational resources. This project can explore surrogate models and acquisition functions that are computationally inexpensive., Novelty: 6, Success: 8
2024-09-14 03:52:43,509 - INFO - Idea: 2. **Sparse Matrix Multiplication for Efficient Deep Learning Training:**, Novelty: 4, Success: 6
2024-09-14 03:52:43,839 - INFO - Idea: Implement and evaluate a sparse matrix multiplication algorithm designed to reduce the computational load during the training of deep learning models. The project can focus on identifying and leveraging sparsity patterns in existing datasets and models to enhance training speed on a single GPU without sacrificing accuracy., Novelty: 6, Success: 8
2024-09-14 03:52:44,150 - INFO - Idea: 3. **Meta-Learning for Fast Adaptation in Few-Shot Learning:**, Novelty: 6, Success: 8
2024-09-14 03:52:44,497 - INFO - Idea: Create a meta-learning algorithm that can quickly adapt pre-trained models to new tasks with very few examples. The project can use model-agnostic meta-learning (MAML) techniques optimized for small-scale datasets and limited computational resources to demonstrate rapid learning capabilities., Novelty: 6, Success: 8
2024-09-14 03:52:44,873 - INFO - Idea: 4. **Low-Precision Computation for Neural Networks:**, Novelty: 5, Success: 7
2024-09-14 03:52:45,263 - INFO - Idea: Investigate the effects of low-precision arithmetic (e.g., 8-bit or 16-bit floating point) on the training and inference performance of neural networks. The project aims to develop quantization-aware training techniques that maintain model accuracy while significantly reducing computational overhead., Novelty: 4, Success: 8
2024-09-14 03:52:45,644 - INFO - Idea: 5. **Incremental Learning with Memory-Efficient Techniques:**, Novelty: 6, Success: 8
2024-09-14 03:52:45,995 - INFO - Idea: Design and test an incremental learning algorithm that updates models using a small subset of data while retaining performance on previously learned tasks. The project can explore memory-efficient strategies such as elastic weight consolidation (EWC) or rehearsal methods to ensure the model can continually learn without access to extensive computational resources., Novelty: 6, Success: 8
2024-09-14 03:52:52,594 - INFO - Experiment Plan:
### Experiment Plan

#### 1. Objective
The objective of this experiment is to develop and evaluate a streamlined Bayesian optimization framework specifically tailored for lightweight models such as small neural networks and decision trees. The aim is to efficiently identify optimal hyperparameters with minimal computational resources by exploring computationally inexpensive surrogate models and acquisition functions.

#### 2. Methodology
1. **Framework Development**:
    - Design a Bayesian Optimization (BO) framework that leverages lightweight surrogate models like Gaussian Processes (GPs) with sparse approximations or Bayesian Neural Networks (BNNs).
    - Implement computationally inexpensive acquisition functions such as Expected Improvement (EI), Upper Confidence Bound (UCB), and Probability of Improvement (PI).

2. **Baseline Comparison**:
    - Compare the performance of the streamlined BO framework against traditional grid search and random search methods.

3. **Experimentation**:
    - Run the BO framework on a variety of lightweight models and datasets.
    - Evaluate the efficiency of hyperparameter tuning in terms of both computational resources and model performance.
    
4. **Iteration and Refinement**:
    - Iterate on the BO framework based on initial results.
    - Refine surrogate models and acquisition functions for improved performance.

#### 3. Datasets
The following datasets will be used, sourced from Hugging Face Datasets:
- **Iris**: A classic dataset for classification tasks.
- **Wine Quality**: A dataset for regression and classification tasks.
- **Boston Housing**: A dataset for regression analysis.
- **MNIST (sample)**: A smaller subset of the MNIST dataset, suitable for lightweight neural networks.

#### 4. Model Architecture
The lightweight models to be optimized include:
- **Small Neural Networks**:
    - 1 to 3 layers.
    - 10 to 100 neurons per layer.
    - Activation functions: ReLU, Tanh.
- **Decision Trees**:
    - Maximum depth: 3 to 10.
    - Minimum samples split: 2 to 10.
    - Criterion: Gini, Entropy.

#### 5. Hyperparameters
Key hyperparameters for each model type include:
- **Small Neural Networks**:
    - `learning_rate`: [0.001, 0.01, 0.1]
    - `batch_size`: [16, 32, 64]
    - `num_layers`: [1, 2, 3]
    - `num_neurons`: [10, 50, 100]
    - `activation_function`: ['ReLU', 'Tanh']
- **Decision Trees**:
    - `max_depth`: [3, 5, 7, 10]
    - `min_samples_split`: [2, 5, 10]
    - `criterion`: ['gini', 'entropy']

#### 6. Evaluation Metrics
The performance of the hyperparameter tuning methods will be assessed using the following metrics:
- **Accuracy**: For classification tasks, to measure the proportion of correctly classified instances.
- **Mean Squared Error (MSE)**: For regression tasks, to measure the average squared difference between observed and predicted values.
- **Computational Time**: Total time taken for the hyperparameter optimization process.
- **Resource Utilization**: CPU/GPU usage during the optimization process.
- **Convergence Speed**: Number of iterations required to reach the optimal hyperparameters.

#### Conclusion
This experiment aims to create an efficient Bayesian optimization framework for lightweight models that minimizes computational resources while maximizing model performance. By evaluating the framework across multiple datasets and models, we can validate its effectiveness and compare it with traditional hyperparameter optimization methods.
2024-09-14 03:52:52,595 - INFO - Using device: cuda
2024-09-14 03:52:53,130 - INFO - Loaded dataset: ag_news
2024-09-14 03:52:53,819 - INFO - Starting training...
2024-09-14 03:53:23,894 - INFO - Evaluating the model...
2024-09-14 03:53:27,728 - INFO - Experiment Results: {'eval_loss': 0.42382848262786865, 'eval_accuracy': 0.862, 'eval_runtime': 3.8316, 'eval_samples_per_second': 130.494, 'eval_steps_per_second': 16.442, 'epoch': 1.0}
2024-09-14 03:53:38,853 - INFO - Refined Experiment Plan:
### Experiment Plan

#### 1. Objective
The objective of this experiment is to develop and evaluate a streamlined Bayesian optimization framework specifically tailored for lightweight models such as small neural networks and decision trees. The aim is to efficiently identify optimal hyperparameters with minimal computational resources by exploring computationally inexpensive surrogate models and acquisition functions.

#### 2. Methodology
1. **Framework Development**:
    - **Current Approach**:
        - Design a Bayesian Optimization (BO) framework that leverages lightweight surrogate models like Gaussian Processes (GPs) with sparse approximations or Bayesian Neural Networks (BNNs).
        - Implement computationally inexpensive acquisition functions such as Expected Improvement (EI), Upper Confidence Bound (UCB), and Probability of Improvement (PI).
    - **Improvements**:
        - Introduce advanced surrogate models such as Tree-structured Parzen Estimators (TPE) for better performance on discrete hyperparameter spaces.
        - Incorporate multi-fidelity optimization techniques like Hyperband to efficiently allocate computational resources.
        - Leverage meta-learning to warm-start the Bayesian optimization process using prior knowledge from similar tasks.

2. **Baseline Comparison**:
    - **Current Approach**:
        - Compare the performance of the streamlined BO framework against traditional grid search and random search methods.
    - **Improvements**:
        - Expand comparison to include advanced hyperparameter optimization methods such as Hyperopt and Optuna to provide a more comprehensive baseline.
        - Include a comparison with reinforcement learning-based hyperparameter optimization methods for a broader perspective.

3. **Experimentation**:
    - **Current Approach**:
        - Run the BO framework on a variety of lightweight models and datasets.
        - Evaluate the efficiency of hyperparameter tuning in terms of both computational resources and model performance.
    - **Improvements**:
        - Perform extensive cross-validation to ensure robustness of results.
        - Conduct ablation studies to understand the impact of each component (e.g., surrogate model, acquisition function) on the overall performance.
        - Include larger and more diverse datasets to test the scalability and generalizability of the framework.

4. **Iteration and Refinement**:
    - **Current Approach**:
        - Iterate on the BO framework based on initial results.
        - Refine surrogate models and acquisition functions for improved performance.
    - **Improvements**:
        - Establish a systematic feedback loop where performance metrics are continuously monitored and used for real-time adjustments.
        - Implement automated hyperparameter tuning using continuous integration pipelines to expedite the iteration process.
        - Use ensemble techniques to combine multiple surrogate models for enhanced predictive performance.

#### 3. Datasets
The following datasets will be used, sourced from Hugging Face Datasets:
- **Iris**: A classic dataset for classification tasks.
- **Wine Quality**: A dataset for regression and classification tasks.
- **Boston Housing**: A dataset for regression analysis.
- **MNIST (sample)**: A smaller subset of the MNIST dataset, suitable for lightweight neural networks.

#### 4. Model Architecture
The lightweight models to be optimized include:
- **Small Neural Networks**:
    - **Current Configuration**:
        - 1 to 3 layers.
        - 10 to 100 neurons per layer.
        - Activation functions: ReLU, Tanh.
    - **Improvements**:
        - Introduce dropout layers for regularization.
        - Explore additional activation functions such as Leaky ReLU and Swish.
        - Experiment with different initialization methods (e.g., Xavier, He) to improve training stability.
- **Decision Trees**:
    - **Current Configuration**:
        - Maximum depth: 3 to 10.
        - Minimum samples split: 2 to 10.
        - Criterion: Gini, Entropy.
    - **Improvements**:
        - Evaluate additional tree-based models like Random Forests and Gradient Boosting Machines.
        - Implement feature importance analysis to guide hyperparameter selection.

#### 5. Hyperparameters
Key hyperparameters for each model type include:
- **Small Neural Networks**:
    - `learning_rate`: [0.001, 0.01, 0.1]
    - `batch_size`: [16, 32, 64]
    - `num_layers`: [1, 2, 3]
    - `num_neurons`: [10, 50, 100]
    - `activation_function`: ['ReLU', 'Tanh']
    - **Improvements**:
        - Expand learning rate range: [0.0001, 0.001, 0.01, 0.1]
        - Include dropout rate: [0.1, 0.2, 0.3, 0.4, 0.5]
        - Explore optimizer types: ['SGD', 'Adam', 'RMSprop']
- **Decision Trees**:
    - `max_depth`: [3, 5, 7, 10]
    - `min_samples_split`: [2, 5, 10]
    - `criterion`: ['gini', 'entropy']
    - **Improvements**:
        - Include `max_features`: ['sqrt', 'log2', None]
        - Expand `max_depth` range: [3, 5, 7, 10, 15, 20]

#### 6. Evaluation Metrics
The performance of the hyperparameter tuning methods will be assessed using the following metrics:
- **Accuracy**: For classification tasks, to measure the proportion of correctly classified instances.
- **Mean Squared Error (MSE)**: For regression tasks, to measure the average squared difference between observed and predicted values.
- **Computational Time**: Total time taken for the hyperparameter optimization process.
- **Resource Utilization**: CPU/GPU usage during the optimization process.
- **Convergence Speed**: Number of iterations required to reach the optimal hyperparameters.
- **Improvements**:
    - Introduce additional metrics such as Precision, Recall, and F1-Score for classification tasks.
    - Use Area Under the Curve (AUC) for binary classification problems.
    - Implement early stopping criteria based on the evaluation metrics to reduce unnecessary computations.

#### Conclusion
This experiment aims to create an efficient Bayesian optimization framework for lightweight models that minimizes computational resources while maximizing model performance. By evaluating the framework across multiple datasets and models, we can validate its effectiveness and compare it with traditional and advanced hyperparameter optimization methods. The updated plan includes improvements in the framework development, baseline comparison, experimentation, and iteration and refinement processes to enhance performance based on initial results.
2024-09-14 03:53:38,854 - INFO - Using device: cuda
2024-09-14 03:53:39,367 - INFO - Loaded dataset: ag_news
2024-09-14 03:53:40,168 - INFO - Starting training...
2024-09-14 03:54:10,287 - INFO - Evaluating the model...
2024-09-14 03:54:14,131 - INFO - Experiment Results: {'eval_loss': 0.432305246591568, 'eval_accuracy': 0.856, 'eval_runtime': 3.8416, 'eval_samples_per_second': 130.154, 'eval_steps_per_second': 16.399, 'epoch': 1.0}
2024-09-14 03:54:21,548 - INFO - Optimization Suggestions:
To improve the performance of the AI Research System based on the provided evaluation results, we can consider several strategies: tuning hyperparameters, using a more complex model, or improving data preprocessing. Below, I will suggest a change to the learning rate, which is a common hyperparameter that can significantly impact model performance.

Assuming the current learning rate is set at a value that might be suboptimal, we can experiment with lower or higher values. For instance, if the learning rate is set to 0.001, we can try reducing it to 0.0005 to see if the model converges better, potentially leading to higher accuracy and lower loss.

Let's assume the learning rate is set in a configuration file named `config.py`.

```python
# File: config.py
# Original Code:
learning_rate = 0.001
# Updated Code:
learning_rate = 0.0005
```

### Explanation
Reducing the learning rate from 0.001 to 0.0005 can help the model converge more smoothly. A lower learning rate means smaller updates to the model weights during training, which can help avoid overshooting the optimal solution and improve the model's generalization performance. This change might result in longer training times, but it could lead to better accuracy and lower evaluation loss.

If the learning rate change does not yield the desired improvements, we can further fine-tune it or consider other hyperparameters such as batch size, number of epochs, or model architecture.

Additionally, if the current batch size is not optimal, that could also affect model performance. Here is an example of how to adjust the batch size in a hypothetical training script named `train.py`.

```python
# File: train.py
# Original Code:
batch_size = 32
# Updated Code:
batch_size = 64
```

### Explanation
Increasing the batch size from 32 to 64 can lead to more stable gradient estimates and faster training times because more data is used to update the model weights in each iteration. However, it also requires more memory. Experimenting with different batch sizes can help find a more optimal setting that might improve evaluation accuracy and reduce loss.

Finally, here is a combined update assuming both changes are applied.

```python
# File: config.py
# Original Code:
learning_rate = 0.001
# Updated Code:
learning_rate = 0.0005

# File: train.py
# Original Code:
batch_size = 32
# Updated Code:
batch_size = 64
```

### Summary
These changes aim to improve the model's performance by fine-tuning key hyperparameters. Reducing the learning rate can help achieve better convergence, while increasing the batch size can lead to more stable training and potentially better performance. Always ensure to validate these changes through rigorous testing and cross-validation to confirm their effectiveness.
2024-09-14 03:54:21,552 - INFO - Code backup completed.
2024-09-14 03:54:21,552 - INFO - Code updated successfully.
2024-09-14 03:54:22,330 - INFO - Loaded benchmark dataset: GLUE SST-2
2024-09-14 03:54:29,336 - INFO - Benchmark Results: {'eval_loss': 0.698837161064148, 'eval_accuracy': 0.4873853211009174, 'eval_runtime': 6.304, 'eval_samples_per_second': 138.324, 'eval_steps_per_second': 17.291}
2024-09-14 03:54:29,344 - INFO - Benchmark Results: {'eval_loss': 0.698837161064148, 'eval_accuracy': 0.4873853211009174, 'eval_runtime': 6.304, 'eval_samples_per_second': 138.324, 'eval_steps_per_second': 17.291}
2024-09-14 03:54:29,344 - INFO - Report saved to reports/Develop_a_streamlined_Bayesian_optimization_framew_20240914035429.md
2024-09-14 03:54:29,345 - INFO - Starting run 5 of 5
2024-09-14 03:54:29,345 - INFO - Attempt 1 of 3
2024-09-14 03:54:33,219 - INFO - Generated ideas: ['1. **Efficient Hyperparameter Optimization via Meta-Learning**:', 'Develop a meta-learning framework that learns optimal hyperparameter configurations across various small-scale datasets. The meta-learner uses past optimization experiences to predict good starting points for hyperparameters, reducing the number of trials needed for convergence on new tasks.', '2. **Dynamic Neural Network Pruning Using Reinforcement Learning**:', 'Create a reinforcement learning agent that dynamically prunes neural network weights during training. The agent learns to remove less important weights incrementally, which reduces model size and improves inference speed without significant loss in performance.', '3. **Low-Resource Data Augmentation Techniques**:', 'Investigate data augmentation methods specifically tailored for low-resource environments. Implement and compare techniques like Mixup, CutMix, and random erasing on small datasets to understand their impact on model generalization and performance.', '4. **Energy-Efficient Model Training with Quantized Models**:', 'Explore the effects of quantization-aware training on neural networks. Implement and analyze various quantization strategies (such as 8-bit and 16-bit integer quantization) to assess their impact on training speed and model accuracy, aiming to find the optimal balance for resource-constrained environments.', '5. **Adaptive Learning Rate Schedulers Using Genetic Algorithms**:', 'Design a genetic algorithm to evolve learning rate schedules for neural networks. The algorithm tests different scheduling strategies (e.g., step decay, cosine annealing) on small-scale datasets to identify patterns that lead to faster convergence and better performance with minimal computational overhead.']
2024-09-14 03:54:34,004 - INFO - Idea: 1. **Efficient Hyperparameter Optimization via Meta-Learning**:, Novelty: 6, Success: 8
2024-09-14 03:54:34,415 - INFO - Idea: Develop a meta-learning framework that learns optimal hyperparameter configurations across various small-scale datasets. The meta-learner uses past optimization experiences to predict good starting points for hyperparameters, reducing the number of trials needed for convergence on new tasks., Novelty: 6, Success: 8
2024-09-14 03:54:34,856 - INFO - Idea: 2. **Dynamic Neural Network Pruning Using Reinforcement Learning**:, Novelty: 7, Success: 6
2024-09-14 03:54:35,328 - INFO - Idea: Create a reinforcement learning agent that dynamically prunes neural network weights during training. The agent learns to remove less important weights incrementally, which reduces model size and improves inference speed without significant loss in performance., Novelty: 6, Success: 7
2024-09-14 03:54:35,617 - INFO - Idea: 3. **Low-Resource Data Augmentation Techniques**:, Novelty: 5, Success: 7
2024-09-14 03:54:36,404 - INFO - Idea: Investigate data augmentation methods specifically tailored for low-resource environments. Implement and compare techniques like Mixup, CutMix, and random erasing on small datasets to understand their impact on model generalization and performance., Novelty: 6, Success: 8
2024-09-14 03:54:36,721 - INFO - Idea: 4. **Energy-Efficient Model Training with Quantized Models**:, Novelty: 6, Success: 8
2024-09-14 03:54:37,083 - INFO - Idea: Explore the effects of quantization-aware training on neural networks. Implement and analyze various quantization strategies (such as 8-bit and 16-bit integer quantization) to assess their impact on training speed and model accuracy, aiming to find the optimal balance for resource-constrained environments., Novelty: 4, Success: 7
2024-09-14 03:54:37,879 - INFO - Idea: 5. **Adaptive Learning Rate Schedulers Using Genetic Algorithms**:, Novelty: 6, Success: 7
2024-09-14 03:54:38,224 - INFO - Idea: Design a genetic algorithm to evolve learning rate schedules for neural networks. The algorithm tests different scheduling strategies (e.g., step decay, cosine annealing) on small-scale datasets to identify patterns that lead to faster convergence and better performance with minimal computational overhead., Novelty: 6, Success: 7
2024-09-14 03:54:49,082 - INFO - Experiment Plan:
### Experiment Plan

#### 1. Objective

The primary objective of this experiment is to test the hypothesis that meta-learning can be employed for efficient hyperparameter optimization, leading to improved performance of machine learning models. The specific goals are:

1. To develop a meta-learning algorithm for hyperparameter optimization.
2. To compare the performance of models optimized using traditional methods (e.g., grid search, random search) with models optimized using the proposed meta-learning algorithm.
3. To evaluate the efficiency in terms of computational resources and time taken by the meta-learning approach versus traditional methods.

#### 2. Methodology

1. **Meta-Learning Framework**:
    - Develop a meta-learning algorithm that learns from previous hyperparameter optimization tasks.
    - Use a meta-learner to predict promising hyperparameter settings for new tasks.

2. **Training and Optimization**:
    - Partition the dataset into training, validation, and test sets.
    - Train multiple base models on different datasets using traditional hyperparameter optimization methods (grid search, random search).
    - Record the hyperparameter settings and corresponding performance metrics for each model.
    - Use this data to train the meta-learner.
    - Apply the trained meta-learner to suggest hyperparameters for new tasks and compare the results with traditional methods.

3. **Comparison**:
    - Compare the performance of models optimized using meta-learning with those optimized using traditional methods.
    - Evaluate the computational efficiency and time taken for both approaches.

#### 3. Datasets

The following datasets from Hugging Face Datasets will be used for this experiment:

1. **Image Classification**:
    - **CIFAR-10**: A dataset of 60,000 32x32 color images in 10 classes.
    - **MNIST**: A dataset of 70,000 28x28 grayscale images of handwritten digits.

2. **Text Classification**:
    - **AG News**: A dataset of news articles categorized into four classes.
    - **IMDB**: A dataset of movie reviews categorized into positive and negative sentiments.

3. **Tabular Data**:
    - **Adult**: A dataset used for predicting if an individual earns more than $50K annually.

#### 4. Model Architecture

For this experiment, we will use the following model types:

1. **Image Classification**:
    - Convolutional Neural Network (CNN)

2. **Text Classification**:
    - Transformer-based Model (BERT)

3. **Tabular Data**:
    - Gradient Boosting Machine (XGBoost)

#### 5. Hyperparameters

The following key hyperparameters will be optimized for each model type:

1. **CNN for Image Classification**:
    - Learning Rate: [0.001, 0.01, 0.1]
    - Batch Size: [32, 64, 128]
    - Number of Layers: [3, 5, 7]
    - Dropout Rate: [0.3, 0.5, 0.7]

2. **BERT for Text Classification**:
    - Learning Rate: [1e-5, 2e-5, 3e-5]
    - Batch Size: [16, 32]
    - Number of Epochs: [3, 4, 5]
    - Max Sequence Length: [128, 256]

3. **XGBoost for Tabular Data**:
    - Learning Rate: [0.01, 0.1, 0.3]
    - Max Depth: [3, 6, 9]
    - Number of Estimators: [100, 200, 300]
    - Subsample: [0.5, 0.7, 1.0]

#### 6. Evaluation Metrics

The performance of the models and the efficiency of the hyperparameter optimization methods will be evaluated using the following metrics:

1. **Model Performance**:
    - Accuracy (for classification tasks)
    - F1 Score (for imbalanced classification tasks)
    - Area Under Curve (AUC) (for binary classification tasks)
    - Mean Squared Error (MSE) (for regression tasks, if applicable)

2. **Optimization Efficiency**:
    - Time taken for hyperparameter optimization
    - Number of hyperparameter combinations evaluated
    - Computational resource usage (e.g., GPU hours)

By systematically following this experiment plan, we aim to validate the effectiveness of meta-learning for efficient hyperparameter optimization and its potential to enhance the overall performance of AI research systems.
2024-09-14 03:54:49,082 - INFO - Using device: cuda
2024-09-14 03:54:49,578 - INFO - Loaded dataset: ag_news
2024-09-14 03:54:50,385 - INFO - Starting training...
2024-09-14 03:55:20,376 - INFO - Evaluating the model...
2024-09-14 03:55:24,207 - INFO - Experiment Results: {'eval_loss': 0.42382848262786865, 'eval_accuracy': 0.862, 'eval_runtime': 3.8283, 'eval_samples_per_second': 130.608, 'eval_steps_per_second': 16.457, 'epoch': 1.0}
2024-09-14 03:55:38,008 - INFO - Refined Experiment Plan:
### Updated Experiment Plan

#### 1. Objective

The primary objective of this experiment is to test the hypothesis that meta-learning can be employed for efficient hyperparameter optimization, leading to improved performance of machine learning models. The specific goals are:

1. To develop a meta-learning algorithm for hyperparameter optimization.
2. To compare the performance of models optimized using traditional methods (e.g., grid search, random search) with models optimized using the proposed meta-learning algorithm.
3. To evaluate the efficiency in terms of computational resources and time taken by the meta-learning approach versus traditional methods.
4. **New Goal**: To further refine and optimize the hyperparameters based on initial evaluation results.

#### 2. Methodology

1. **Meta-Learning Framework**:
    - Develop a meta-learning algorithm that learns from previous hyperparameter optimization tasks.
    - Use a meta-learner to predict promising hyperparameter settings for new tasks.

2. **Training and Optimization**:
    - Partition the dataset into training, validation, and test sets.
    - Train multiple base models on different datasets using traditional hyperparameter optimization methods (grid search, random search).
    - Record the hyperparameter settings and corresponding performance metrics for each model.
    - Use this data to train the meta-learner.
    - Apply the trained meta-learner to suggest hyperparameters for new tasks and compare the results with traditional methods.
  
  **New Sub-Step**:
    - Conduct an initial evaluation of the model's performance using the suggested hyperparameters and record the metrics.
    - Refine the hyperparameters based on the initial evaluation results.

3. **Comparison**:
    - Compare the performance of models optimized using meta-learning with those optimized using traditional methods.
    - Evaluate the computational efficiency and time taken for both approaches.

#### 3. Datasets

The following datasets from Hugging Face Datasets will be used for this experiment:

1. **Image Classification**:
    - **CIFAR-10**: A dataset of 60,000 32x32 color images in 10 classes.
    - **MNIST**: A dataset of 70,000 28x28 grayscale images of handwritten digits.

2. **Text Classification**:
    - **AG News**: A dataset of news articles categorized into four classes.
    - **IMDB**: A dataset of movie reviews categorized into positive and negative sentiments.

3. **Tabular Data**:
    - **Adult**: A dataset used for predicting if an individual earns more than $50K annually.

#### 4. Model Architecture

For this experiment, we will use the following model types:

1. **Image Classification**:
    - Convolutional Neural Network (CNN)

2. **Text Classification**:
    - Transformer-based Model (BERT)

3. **Tabular Data**:
    - Gradient Boosting Machine (XGBoost)

#### 5. Hyperparameters

The following key hyperparameters will be optimized for each model type:

1. **CNN for Image Classification**:
    - Learning Rate: [0.001, 0.01, 0.1]
    - Batch Size: [32, 64, 128]
    - Number of Layers: [3, 5, 7]
    - Dropout Rate: [0.3, 0.5, 0.7]

2. **BERT for Text Classification**:
    - Learning Rate: [1e-5, 2e-5, 3e-5]
    - Batch Size: [16, 32]
    - Number of Epochs: [3, 4, 5]
    - Max Sequence Length: [128, 256]

3. **XGBoost for Tabular Data**:
    - Learning Rate: [0.01, 0.1, 0.3]
    - Max Depth: [3, 6, 9]
    - Number of Estimators: [100, 200, 300]
    - Subsample: [0.5, 0.7, 1.0]

**New Sub-Section**:
To enhance performance based on initial evaluation results, consider the following additional hyperparameters and value ranges:

- **CNN for Image Classification**:
    - Weight Decay: [1e-4, 1e-3, 1e-2]
    - Optimizer (e.g., Adam, SGD): [Adam, SGD]
    - Data Augmentation Techniques: [Rotation, Flipping, Cropping]

- **BERT for Text Classification**:
    - Warmup Steps: [0, 100, 500]
    - Weight Decay: [0.01, 0.1]

- **XGBoost for Tabular Data**:
    - Gamma: [0, 0.1, 0.3]
    - Colsample_bytree: [0.3, 0.6, 0.9]

#### 6. Evaluation Metrics

The performance of the models and the efficiency of the hyperparameter optimization methods will be evaluated using the following metrics:

1. **Model Performance**:
    - Accuracy (for classification tasks)
    - F1 Score (for imbalanced classification tasks)
    - Area Under Curve (AUC) (for binary classification tasks)
    - Mean Squared Error (MSE) (for regression tasks, if applicable)

2. **Optimization Efficiency**:
    - Time taken for hyperparameter optimization
    - Number of hyperparameter combinations evaluated
    - Computational resource usage (e.g., GPU hours)

**New Sub-Section**:
To further refine the experiment based on initial results:
- Conduct a sensitivity analysis on the hyperparameters to identify their impact on model performance.
- Implement early stopping criteria based on validation performance to prevent overfitting and reduce computational time.

By systematically following this updated experiment plan, we aim to validate the effectiveness of meta-learning for efficient hyperparameter optimization and its potential to enhance the overall performance of AI research systems.
2024-09-14 03:55:38,008 - INFO - Using device: cuda
2024-09-14 03:55:38,546 - INFO - Loaded dataset: ag_news
2024-09-14 03:55:39,390 - INFO - Starting training...
2024-09-14 03:56:09,118 - INFO - Evaluating the model...
2024-09-14 03:56:12,957 - INFO - Experiment Results: {'eval_loss': 0.432305246591568, 'eval_accuracy': 0.856, 'eval_runtime': 3.8366, 'eval_samples_per_second': 130.325, 'eval_steps_per_second': 16.421, 'epoch': 1.0}
2024-09-14 03:56:19,888 - INFO - Optimization Suggestions:
To suggest improvements for the AI Research System based on the provided evaluation results, we need to focus on enhancing the model's accuracy and potentially reducing the evaluation loss. Here are some possible changes to consider:

1. **Increase Model Complexity:** If the model is underfitting, increasing its complexity might help. This can be done by adding more layers or units to the neural network.
2. **Learning Rate Adjustment:** Sometimes, a better learning rate can significantly improve model performance.
3. **Data Augmentation:** If the data is not enough or diverse, augmenting the data can help.
4. **Regularization Techniques:** Applying techniques like dropout can prevent overfitting and improve generalization.

Let's assume the current model code is contained within a file called `model.py`. Here are some specific changes:

### 1. Increase Model Complexity

```python
# File: model.py
# Original Code:
model = Sequential([
    Dense(64, activation='relu', input_shape=(input_shape,)),
    Dense(64, activation='relu'),
    Dense(num_classes, activation='softmax')
])
# Updated Code:
model = Sequential([
    Dense(128, activation='relu', input_shape=(input_shape,)),
    Dense(128, activation='relu'),
    Dense(64, activation='relu'),
    Dense(num_classes, activation='softmax')
])
```

**Explanation:** Increasing the number of neurons and adding an extra layer can help the model learn more complex patterns, potentially improving accuracy and reducing loss.

### 2. Adjust Learning Rate

```python
# File: model.py
# Original Code:
optimizer = Adam(learning_rate=0.001)
# Updated Code:
optimizer = Adam(learning_rate=0.0005)
```

**Explanation:** Sometimes decreasing the learning rate can help the model converge to a better minimum, improving both accuracy and loss.

### 3. Data Augmentation

```python
# File: data_loader.py
# Original Code:
train_datagen = ImageDataGenerator(rescale=1./255)
# Updated Code:
train_datagen = ImageDataGenerator(
    rescale=1./255,
    rotation_range=20,
    width_shift_range=0.2,
    height_shift_range=0.2,
    shear_range=0.2,
    zoom_range=0.2,
    horizontal_flip=True,
    fill_mode='nearest'
)
```

**Explanation:** Data augmentation can help the model generalize better by providing more varied training examples, potentially improving accuracy.

### 4. Add Dropout for Regularization

```python
# File: model.py
# Original Code:
model = Sequential([
    Dense(64, activation='relu', input_shape=(input_shape,)),
    Dense(64, activation='relu'),
    Dense(num_classes, activation='softmax')
])
# Updated Code:
model = Sequential([
    Dense(128, activation='relu', input_shape=(input_shape,)),
    Dropout(0.5),
    Dense(128, activation='relu'),
    Dropout(0.5),
    Dense(64, activation='relu'),
    Dropout(0.5),
    Dense(num_classes, activation='softmax')
])
```

**Explanation:** Adding dropout layers can help prevent the model from overfitting, improving its generalization capabilities and potentially enhancing accuracy.

By implementing these changes, the overall performance of the AI model on benchmark tests should improve, leading to better evaluation metrics.
2024-09-14 03:56:19,892 - INFO - Code backup completed.
2024-09-14 03:56:19,894 - INFO - Code updated successfully.
2024-09-14 03:56:20,549 - INFO - Loaded benchmark dataset: GLUE SST-2
2024-09-14 03:56:27,631 - INFO - Benchmark Results: {'eval_loss': 0.698837161064148, 'eval_accuracy': 0.4873853211009174, 'eval_runtime': 6.3153, 'eval_samples_per_second': 138.078, 'eval_steps_per_second': 17.26}
2024-09-14 03:56:27,639 - INFO - Benchmark Results: {'eval_loss': 0.698837161064148, 'eval_accuracy': 0.4873853211009174, 'eval_runtime': 6.3153, 'eval_samples_per_second': 138.078, 'eval_steps_per_second': 17.26}
2024-09-14 03:56:27,639 - INFO - Report saved to reports/1._**Efficient_Hyperparameter_Optimization_via_Met_20240914035627.md
2024-09-14 03:56:27,640 - INFO - AI Research System Finished.
