2024-09-14 05:13:48,765 - INFO - AI Research System Started.
2024-09-14 05:13:48,765 - INFO - Starting run 1 of 5
2024-09-14 05:13:48,765 - INFO - Attempt 1 of 3
2024-09-14 05:13:52,201 - INFO - Generated ideas: ['1. **Adaptive Hyperparameter Tuning via Meta-Learning**: Develop a meta-learning model that can dynamically adjust hyperparameters during training to optimize the performance of AI models on the fly. This model would learn from previous training runs to predict optimal hyperparameters, thus reducing the need for extensive hyperparameter search.', '2. **Efficient Knowledge Distillation for Model Compression**: Explore a novel method for knowledge distillation that focuses on selectively transferring essential features and representations from a large, well-trained teacher model to a smaller student model. This approach aims to maintain performance while significantly reducing model size and computational requirements.', '3. **Dynamic Neural Network Pruning**: Investigate a dynamic pruning technique that incrementally removes less significant neurons and connections during the training process. This method would use a single GPU to identify and prune redundant parts of the network, thus enhancing computational efficiency without compromising accuracy.', '4. **Sparse Training with Low-Rank Factorization**: Implement a training algorithm that leverages low-rank matrix factorization to decompose weight matrices into sparser, more efficient forms. This technique would allow training of large neural networks on limited hardware by reducing the number of parameters and required computations.', '5. **Self-Supervised Model Evaluation Metrics**: Create a self-supervised learning framework that can automatically generate metrics to evaluate and improve the performance of AI models. This framework would use a small portion of the training data to learn the characteristics of high-performing models, providing insights and adjustments to enhance ongoing training processes.']
2024-09-14 05:13:52,503 - INFO - Idea: 1. **Adaptive Hyperparameter Tuning via Meta-Learning**: Develop a meta-learning model that can dynamically adjust hyperparameters during training to optimize the performance of AI models on the fly. This model would learn from previous training runs to predict optimal hyperparameters, thus reducing the need for extensive hyperparameter search., Novelty: 7, Success: 8
2024-09-14 05:13:52,914 - INFO - Idea: 2. **Efficient Knowledge Distillation for Model Compression**: Explore a novel method for knowledge distillation that focuses on selectively transferring essential features and representations from a large, well-trained teacher model to a smaller student model. This approach aims to maintain performance while significantly reducing model size and computational requirements., Novelty: 6, Success: 8
2024-09-14 05:13:53,311 - INFO - Idea: 3. **Dynamic Neural Network Pruning**: Investigate a dynamic pruning technique that incrementally removes less significant neurons and connections during the training process. This method would use a single GPU to identify and prune redundant parts of the network, thus enhancing computational efficiency without compromising accuracy., Novelty: 4, Success: 6
2024-09-14 05:13:53,683 - INFO - Idea: 4. **Sparse Training with Low-Rank Factorization**: Implement a training algorithm that leverages low-rank matrix factorization to decompose weight matrices into sparser, more efficient forms. This technique would allow training of large neural networks on limited hardware by reducing the number of parameters and required computations., Novelty: 6, Success: 7
2024-09-14 05:13:54,235 - INFO - Idea: 5. **Self-Supervised Model Evaluation Metrics**: Create a self-supervised learning framework that can automatically generate metrics to evaluate and improve the performance of AI models. This framework would use a small portion of the training data to learn the characteristics of high-performing models, providing insights and adjustments to enhance ongoing training processes., Novelty: 7, Success: 6
2024-09-14 05:14:02,634 - INFO - Experiment Plan:
### 1. Objective
The objective of this experiment is to evaluate the efficacy of an Adaptive Hyperparameter Tuning via Meta-Learning system in improving the performance of AI models. The system will dynamically adjust hyperparameters during training by leveraging a meta-learning model that learns from previous training runs to predict optimal hyperparameters. The goal is to reduce the time and computational resources needed for extensive hyperparameter searches while maintaining or improving model performance.

### 2. Methodology
#### 2.1. Meta-Learning Model Training
1. **Initial Data Collection**: Collect historical training data from various models, including training loss, validation loss, hyperparameters used, and final model performance metrics.
2. **Feature Engineering**: Create features from this historical data that can be used to train the meta-learning model. Features could include the type of model, dataset characteristics, current hyperparameters, and intermediate performance metrics.
3. **Meta-Model Training**: Train a meta-learning model (e.g., a neural network or a gradient boosting machine) on this historical data to predict optimal hyperparameters for given conditions.

#### 2.2. Adaptive Hyperparameter Tuning
1. **Initial Training**: Begin training a new AI model with an initial set of hyperparameters.
2. **Dynamic Adjustment**: Use the meta-learning model to periodically adjust hyperparameters based on the model's performance during training.
3. **Feedback Loop**: Continually update the meta-learning model with new data generated from these training runs to improve its predictive accuracy.

### 3. Datasets
- **CIFAR-10**: A dataset of 60,000 32x32 color images in 10 classes, with 6,000 images per class.
  Source: Hugging Face Datasets - `cifar10`
- **IMDB Reviews**: A dataset for binary sentiment classification containing 50,000 movie reviews.
  Source: Hugging Face Datasets - `imdb`
- **MNIST**: A dataset of handwritten digits with 60,000 training images and 10,000 test images.
  Source: Hugging Face Datasets - `mnist`

### 4. Model Architecture
- **Primary Models**: 
  - **Convolutional Neural Network (CNN)**: For image-based datasets like CIFAR-10 and MNIST.
  - **Bidirectional LSTM (BiLSTM)**: For text-based datasets like IMDB Reviews.
- **Meta-Learning Model**: 
  - **Feedforward Neural Network (FNN)**: With layers configured to handle the feature space generated from historical training data.

### 5. Hyperparameters
- **CNN Hyperparameters**:
  - Learning Rate: `0.001`
  - Batch Size: `32`
  - Number of Filters: `{32, 64, 128}`
  - Dropout Rate: `{0.25, 0.5}`
  - Optimizer: `{Adam, SGD}`
  
- **BiLSTM Hyperparameters**:
  - Learning Rate: `0.001`
  - Batch Size: `32`
  - Hidden Units: `{64, 128, 256}`
  - Dropout Rate: `{0.3, 0.5}`
  - Optimizer: `{Adam, SGD}`

### 6. Evaluation Metrics
- **Primary Models**:
  - **Accuracy**: Percentage of correctly classified instances.
  - **F1-Score**: Harmonic mean of precision and recall.
  - **Training Time**: Total time taken to train the model.
  - **Validation Loss**: Loss on the validation dataset.
  
- **Meta-Learning Model**:
  - **Prediction Accuracy**: Accuracy of predicting optimal hyperparameters.
  - **Impact on Primary Models**: Improvement in performance (accuracy and F1-score) and reduction in training time when using adaptive hyperparameter tuning compared to static tuning.

### Experimental Procedure
1. **Baseline Training**:
   - Train the primary models on each dataset with a set of static hyperparameters.
   - Record performance metrics.

2. **Adaptive Tuning Training**:
   - Train the primary models with the adaptive hyperparameter tuning system enabled.
   - Record performance metrics.

3. **Comparison**:
   - Compare the performance of the primary models trained with static hyperparameters versus those trained with adaptive tuning.
   - Evaluate the effectiveness of the meta-learning model in predicting optimal hyperparameters.

4. **Statistical Analysis**:
   - Perform statistical tests (e.g., t-tests) to determine the significance of the observed improvements in performance and reductions in training time.

This structured experiment will allow us to rigorously test the hypothesis that adaptive hyperparameter tuning via meta-learning can enhance the performance of AI models while reducing the time and resources required for hyperparameter optimization.
2024-09-14 05:14:02,776 - INFO - Using device: cuda
2024-09-14 05:14:03,851 - INFO - Loaded dataset: ag_news
2024-09-14 05:14:06,276 - INFO - Starting training...
2024-09-14 05:14:36,630 - INFO - Evaluating the model...
2024-09-14 05:14:40,426 - INFO - Experiment Results: {'eval_loss': 0.42446520924568176, 'eval_accuracy': 0.868, 'eval_runtime': 3.7939, 'eval_samples_per_second': 131.791, 'eval_steps_per_second': 16.606, 'epoch': 1.0}
2024-09-14 05:14:52,202 - INFO - Refined Experiment Plan:
Based on the results obtained and the goal of enhancing performance, we can consider several avenues for improvement. The primary metrics of interest include eval_loss, eval_accuracy, eval_runtime, eval_samples_per_second, and eval_steps_per_second. Here are some suggested improvements:

1. **Refine Hyperparameter Ranges**: The initial hyperparameter ranges might be too broad or not optimal for the datasets and models in use.
2. **Increase Epochs for Training**: Training for more epochs might help the models converge better.
3. **Augment Data**: Data augmentation techniques can improve model performance, especially for image datasets.
4. **Optimize Meta-Learning Model**: Enhance the meta-learning model's architecture and training process for better hyperparameter predictions.
5. **Advanced Optimizers**: Consider using more advanced optimizers such as AdamW or Lookahead.
6. **Regularization Techniques**: Implement additional regularization techniques like L2 regularization or more sophisticated dropout schemes.
7. **Ensemble Methods**: Utilize ensemble methods to combine predictions from multiple models for better accuracy.

Below is the updated experiment plan incorporating these suggestions:

### Updated Experiment Plan

### 1. Objective
The objective of this experiment is to evaluate and enhance the efficacy of an Adaptive Hyperparameter Tuning via Meta-Learning system in improving the performance of AI models. The system will dynamically adjust hyperparameters during training by leveraging a meta-learning model that learns from previous training runs to predict optimal hyperparameters. The goal is to reduce the time and computational resources needed for extensive hyperparameter searches while maintaining or improving model performance.

### 2. Methodology
#### 2.1. Meta-Learning Model Training
1. **Initial Data Collection**: Collect comprehensive historical training data from various models, including training loss, validation loss, hyperparameters used, and final model performance metrics.
2. **Feature Engineering**: Create advanced features from this historical data that can be used to train the meta-learning model. Features could include dataset augmentation techniques used, model architecture details, and more granular intermediate performance metrics.
3. **Meta-Model Training**: Train a refined meta-learning model (e.g., a deeper neural network or a more advanced gradient boosting machine) on this historical data to predict optimal hyperparameters for given conditions.

#### 2.2. Adaptive Hyperparameter Tuning
1. **Initial Training**: Begin training a new AI model with an initial set of refined hyperparameters.
2. **Dynamic Adjustment**: Use the meta-learning model to periodically adjust hyperparameters based on the model's performance during training, potentially incorporating advanced optimizers and regularization techniques.
3. **Feedback Loop**: Continually update the meta-learning model with new data generated from these training runs to improve its predictive accuracy.

### 3. Datasets
- **CIFAR-10**: A dataset of 60,000 32x32 color images in 10 classes, with 6,000 images per class.
  Source: Hugging Face Datasets - `cifar10`
- **IMDB Reviews**: A dataset for binary sentiment classification containing 50,000 movie reviews.
  Source: Hugging Face Datasets - `imdb`
- **MNIST**: A dataset of handwritten digits with 60,000 training images and 10,000 test images.
  Source: Hugging Face Datasets - `mnist`

### 4. Model Architecture
- **Primary Models**: 
  - **Convolutional Neural Network (CNN)**: For image-based datasets like CIFAR-10 and MNIST, with potential enhancements like data augmentation and batch normalization.
  - **Bidirectional LSTM (BiLSTM)**: For text-based datasets like IMDB Reviews, potentially enhanced with attention mechanisms.
- **Meta-Learning Model**: 
  - **Feedforward Neural Network (FNN)**: With a deeper architecture and potentially more layers to better handle the feature space generated from historical training data.

### 5. Hyperparameters
- **CNN Hyperparameters**:
  - Learning Rate: `0.0001 - 0.01`
  - Batch Size: `16, 32, 64`
  - Number of Filters: `{32, 64, 128}`
  - Dropout Rate: `{0.25, 0.5, 0.6}`
  - Optimizer: `{Adam, AdamW, SGD, Lookahead}`
  
- **BiLSTM Hyperparameters**:
  - Learning Rate: `0.0001 - 0.01`
  - Batch Size: `16, 32, 64`
  - Hidden Units: `{64, 128, 256}`
  - Dropout Rate: `{0.3, 0.5, 0.6}`
  - Optimizer: `{Adam, AdamW, SGD, Lookahead}`

### 6. Evaluation Metrics
- **Primary Models**:
  - **Accuracy**: Percentage of correctly classified instances.
  - **F1-Score**: Harmonic mean of precision and recall.
  - **Training Time**: Total time taken to train the model.
  - **Validation Loss**: Loss on the validation dataset.
  
- **Meta-Learning Model**:
  - **Prediction Accuracy**: Accuracy of predicting optimal hyperparameters.
  - **Impact on Primary Models**: Improvement in performance (accuracy and F1-score) and reduction in training time when using adaptive hyperparameter tuning compared to static tuning.

### Experimental Procedure
1. **Baseline Training**:
   - Train the primary models on each dataset with a refined set of static hyperparameters.
   - Record performance metrics.

2. **Adaptive Tuning Training**:
   - Train the primary models with the adaptive hyperparameter tuning system enabled, incorporating advanced optimizers, regularization techniques, and potential data augmentation.
   - Record performance metrics.

3. **Comparison**:
   - Compare the performance of the primary models trained with static hyperparameters versus those trained with adaptive tuning.
   - Evaluate the effectiveness of the meta-learning model in predicting optimal hyperparameters.

4. **Statistical Analysis**:
   - Perform statistical tests (e.g., t-tests) to determine the significance of the observed improvements in performance and reductions in training time.

This updated experiment plan should help in achieving better performance metrics and more efficient training processes for AI models using the adaptive hyperparameter tuning system via meta-learning.
2024-09-14 05:14:52,202 - INFO - Using device: cuda
2024-09-14 05:14:52,873 - INFO - Loaded dataset: ag_news
2024-09-14 05:14:53,925 - INFO - Starting training...
2024-09-14 05:15:23,572 - INFO - Evaluating the model...
2024-09-14 05:15:27,422 - INFO - Experiment Results: {'eval_loss': 0.432305246591568, 'eval_accuracy': 0.856, 'eval_runtime': 3.8483, 'eval_samples_per_second': 129.929, 'eval_steps_per_second': 16.371, 'epoch': 1.0}
2024-09-14 05:15:34,978 - INFO - Optimization Suggestions:
Based on the provided evaluation results, the AI Research System has a good eval accuracy of 85.6%. However, there is room for improvement, specifically in reducing the eval loss and possibly increasing the eval accuracy. To achieve this, we can consider several strategies such as tuning hyperparameters, using a more complex model, or improving data quality. Below are some suggested changes:

1. **Increase the model complexity**: If the model is too simple, it may not be capturing all the nuances of the data. Consider using a more complex model architecture.

2. **Adjust learning rate**: Sometimes a smaller learning rate can help the model converge better, albeit more slowly.

3. **Increase the number of training epochs**: More epochs could allow the model to learn better.

4. **Data Augmentation**: If applicable, augmenting the training data can help improve generalization.

Assuming the model is defined and trained in a file named `model_training.py`, here are some potential changes:

```python
# File: model_training.py
# Original Code:
from transformers import Trainer, TrainingArguments

training_args = TrainingArguments(
    output_dir='./results',          
    evaluation_strategy="epoch",     
    learning_rate=5e-5,              
    per_device_train_batch_size=16,  
    per_device_eval_batch_size=16,   
    num_train_epochs=1,              
    weight_decay=0.01,               
)

trainer = Trainer(
    model=model,                        
    args=training_args,                 
    train_dataset=train_dataset,         
    eval_dataset=eval_dataset          
)
# Updated Code:
from transformers import Trainer, TrainingArguments

training_args = TrainingArguments(
    output_dir='./results',          
    evaluation_strategy="epoch",     
    learning_rate=3e-5,              # Decreased learning rate for finer adjustments
    per_device_train_batch_size=16,  
    per_device_eval_batch_size=16,   
    num_train_epochs=3,              # Increased number of epochs for better learning
    weight_decay=0.01,               
)

trainer = Trainer(
    model=model,                        
    args=training_args,                 
    train_dataset=train_dataset,         
    eval_dataset=eval_dataset          
)

# Additionally, if data augmentation is applicable:
from transformers import DataCollatorForSeq2Seq

data_collator = DataCollatorForSeq2Seq(tokenizer)

trainer = Trainer(
    model=model,                        
    args=training_args,                 
    train_dataset=train_dataset,         
    eval_dataset=eval_dataset,
    data_collator=data_collator        # Adding data collator for data augmentation
)
```

### Explanation:
1. **Learning Rate Adjustment**:
    - **Original**: `learning_rate=5e-5`
    - **Updated**: `learning_rate=3e-5`
    - **Reason**: A smaller learning rate can help the model make finer adjustments, potentially improving the convergence and reducing the eval loss.

2. **Number of Epochs**:
    - **Original**: `num_train_epochs=1`
    - **Updated**: `num_train_epochs=3`
    - **Reason**: Increasing the number of epochs allows the model to learn more from the data, which can improve its performance.

3. **Data Augmentation** (Optional):
    - Adding a data collator, such as `DataCollatorForSeq2Seq`, can help with data augmentation, which may improve the model's generalization capabilities.

These changes are aimed at allowing the model to learn better and generalize well, potentially improving both eval loss and accuracy in subsequent evaluations.
2024-09-14 05:15:34,981 - INFO - Code backup completed.
2024-09-14 05:15:34,982 - INFO - Code updated successfully.
2024-09-14 05:15:36,777 - INFO - Loaded benchmark dataset: GLUE SST-2
2024-09-14 05:15:43,899 - INFO - Benchmark Results: {'eval_loss': 0.698837161064148, 'eval_accuracy': 0.4873853211009174, 'eval_runtime': 6.2593, 'eval_samples_per_second': 139.312, 'eval_steps_per_second': 17.414}
2024-09-14 05:15:43,907 - INFO - Benchmark Results: {'eval_loss': 0.698837161064148, 'eval_accuracy': 0.4873853211009174, 'eval_runtime': 6.2593, 'eval_samples_per_second': 139.312, 'eval_steps_per_second': 17.414}
2024-09-14 05:15:43,908 - INFO - Report saved to reports/1._**Adaptive_Hyperparameter_Tuning_via_Meta-Learn_20240914051543.md
2024-09-14 05:15:43,908 - INFO - Starting run 2 of 5
2024-09-14 05:15:43,908 - INFO - Attempt 1 of 3
2024-09-14 05:15:47,622 - INFO - Generated ideas: ['Sure, here are five novel research ideas in AI and ML aimed at enhancing the performance and capabilities of AI systems, executable with limited computational resources and within a week:', '**Adaptive Learning Rate Scheduling via Meta-Learning:**', 'Develop a meta-learning algorithm that dynamically adjusts the learning rate schedule based on the current state of the training process. The idea is to create a lightweight model that predicts optimal learning rates at each epoch, improving convergence speed and model performance.', '**Efficient Data Augmentation Techniques for Small Datasets:**', 'Design an efficient data augmentation framework that leverages generative adversarial networks (GANs) for small datasets. This framework should generate new, high-quality training examples to enhance model robustness and performance without requiring extensive computational resources.', '**Lightweight Model Pruning with Sensitivity Analysis:**', 'Implement a model pruning technique that uses sensitivity analysis to identify and prune less important neurons in a neural network. By focusing on the most critical parts of the model, this method aims to reduce the model size and computational requirements while maintaining or improving performance.', '**Self-Supervised Pretraining with Minimal Resources:**', 'Create a self-supervised learning method that effectively pretrains models using unlabeled data with minimal computational overhead. This can involve designing simple yet effective pretext tasks, such as predicting missing parts of input data, to improve the feature extraction capabilities of the model before fine-tuning on specific tasks.', '**Real-Time Hyperparameter Optimization with Bayesian Optimization:**', 'Develop a real-time hyperparameter optimization framework using Bayesian optimization techniques that can be run on a single GPU. The framework should quickly identify optimal hyperparameters for training neural networks by iteratively refining its search space based on performance metrics without requiring extensive computational resources.', 'Each of these ideas focuses on enhancing AI system performance by improving training efficiency, model robustness, or resource utilization, making them practical for execution with limited computational resources.']
2024-09-14 05:15:47,911 - INFO - Idea: Sure, here are five novel research ideas in AI and ML aimed at enhancing the performance and capabilities of AI systems, executable with limited computational resources and within a week:, Novelty: 3, Success: 2
2024-09-14 05:15:48,195 - INFO - Idea: **Adaptive Learning Rate Scheduling via Meta-Learning:**, Novelty: 7, Success: 8
2024-09-14 05:15:48,514 - INFO - Idea: Develop a meta-learning algorithm that dynamically adjusts the learning rate schedule based on the current state of the training process. The idea is to create a lightweight model that predicts optimal learning rates at each epoch, improving convergence speed and model performance., Novelty: 6, Success: 7
2024-09-14 05:15:48,812 - INFO - Idea: **Efficient Data Augmentation Techniques for Small Datasets:**, Novelty: 6, Success: 8
2024-09-14 05:15:49,114 - INFO - Idea: Design an efficient data augmentation framework that leverages generative adversarial networks (GANs) for small datasets. This framework should generate new, high-quality training examples to enhance model robustness and performance without requiring extensive computational resources., Novelty: 6, Success: 7
2024-09-14 05:15:49,499 - INFO - Idea: **Lightweight Model Pruning with Sensitivity Analysis:**, Novelty: 5, Success: 7
2024-09-14 05:15:50,010 - INFO - Idea: Implement a model pruning technique that uses sensitivity analysis to identify and prune less important neurons in a neural network. By focusing on the most critical parts of the model, this method aims to reduce the model size and computational requirements while maintaining or improving performance., Novelty: 4, Success: 7
2024-09-14 05:15:50,309 - INFO - Idea: **Self-Supervised Pretraining with Minimal Resources:**, Novelty: 5, Success: 6
2024-09-14 05:15:50,671 - INFO - Idea: Create a self-supervised learning method that effectively pretrains models using unlabeled data with minimal computational overhead. This can involve designing simple yet effective pretext tasks, such as predicting missing parts of input data, to improve the feature extraction capabilities of the model before fine-tuning on specific tasks., Novelty: 6, Success: 8
2024-09-14 05:15:51,047 - INFO - Idea: **Real-Time Hyperparameter Optimization with Bayesian Optimization:**, Novelty: 5, Success: 7
2024-09-14 05:15:51,351 - INFO - Idea: Develop a real-time hyperparameter optimization framework using Bayesian optimization techniques that can be run on a single GPU. The framework should quickly identify optimal hyperparameters for training neural networks by iteratively refining its search space based on performance metrics without requiring extensive computational resources., Novelty: 6, Success: 8
2024-09-14 05:15:51,731 - INFO - Idea: Each of these ideas focuses on enhancing AI system performance by improving training efficiency, model robustness, or resource utilization, making them practical for execution with limited computational resources., Novelty: 6, Success: 7
2024-09-14 05:15:59,441 - INFO - Experiment Plan:
## Experiment Plan: Adaptive Learning Rate Scheduling via Meta-Learning

### 1. Objective
The primary objective of this experiment is to evaluate the efficacy of Adaptive Learning Rate Scheduling via Meta-Learning in improving the performance of AI models. Specifically, we aim to determine whether a meta-learning-based approach to dynamically adjusting the learning rate can outperform traditional learning rate schedules (e.g., step decay, cosine annealing) in terms of model accuracy, convergence speed, and overall stability.

### 2. Methodology
#### 2.1. Experiment Setup
- **Control Group**: Train models using traditional learning rate schedules.
- **Experimental Group**: Train models using an adaptive learning rate schedule derived via meta-learning.

#### 2.2. Meta-Learning Approach
- **Meta-Learner**: A neural network that predicts the optimal learning rate for each epoch based on the current state of the model (e.g., loss, gradient norms).
- **Training Phase**: Train the meta-learner on a variety of tasks to generalize learning rate adjustment strategies.
- **Deployment Phase**: Use the trained meta-learner to adjust the learning rate of the primary task model during training.

### 3. Datasets
We will use a diverse set of datasets to ensure the generalizability of our results. The datasets will be sourced from Hugging Face Datasets:

- **Natural Language Processing (NLP)**: 
  - **IMDB Reviews** (`imdb`)
  - **SQuAD v2.0** (`squad_v2`)
  
- **Computer Vision (CV)**:
  - **CIFAR-10** (`cifar10`)
  - **ImageNet** (`imagenet-1k`)

- **Tabular Data**:
  - **UCI Adult Income Dataset** (`adult`)

### 4. Model Architecture
#### 4.1. NLP Models
- **BERT** (`bert-base-uncased`)
- **GPT-2** (`gpt2`)

#### 4.2. CV Models
- **ResNet-50** (`resnet-50`)
- **EfficientNet** (`efficientnet-b0`)

#### 4.3. Tabular Models
- **XGBoost** (`xgboost`)
- **TabNet** (`tabnet`)

### 5. Hyperparameters
For each model, we will tune the following hyperparameters:

- **Learning Rate**: Initial learning rate (before any scheduling)
  - `lr_initial`: 0.001
- **Batch Size**: Number of samples per gradient update
  - `batch_size`: 32
- **Epochs**: Number of training epochs
  - `epochs`: 50
- **Optimizer**: Optimization algorithm
  - `optimizer`: Adam
- **Meta-Learner Parameters**:
  - `meta_lr`: 0.01 (Learning rate for the meta-learner)
  - `meta_batch_size`: 16
  - `meta_epochs`: 10

### 6. Evaluation Metrics
The performance of the models will be evaluated using the following metrics:

#### 6.1. Primary Metrics
- **Accuracy**: Percentage of correctly classified instances (for classification tasks).
- **F1 Score**: Harmonic mean of precision and recall (for imbalanced datasets).
- **Mean Squared Error (MSE)**: For regression tasks.

#### 6.2. Secondary Metrics
- **Convergence Speed**: Number of epochs required to reach a certain accuracy threshold.
- **Stability**: Variance in accuracy across multiple runs.
- **Final Loss**: The final training loss after the last epoch.

### 6.3. Comparative Analysis
- **Improvement Percentage**: Percentage improvement in primary metrics when using adaptive learning rate scheduling compared to traditional schedules.
- **Statistical Significance**: Use paired t-tests to determine if the differences in performance metrics are statistically significant.

### 6.4. Ablation Studies
- **Meta-Learner Impact**: Compare performance with and without the meta-learner.
- **Learning Rate Sensitivity**: Evaluate how sensitive the models are to different initial learning rates.

This comprehensive experiment plan is designed to rigorously test the hypothesis that Adaptive Learning Rate Scheduling via Meta-Learning can enhance the performance of AI/ML models across various domains and datasets.
2024-09-14 05:15:59,441 - INFO - Using device: cuda
2024-09-14 05:16:00,181 - INFO - Loaded dataset: ag_news
2024-09-14 05:16:01,001 - INFO - Starting training...
2024-09-14 05:16:31,036 - INFO - Evaluating the model...
2024-09-14 05:16:34,860 - INFO - Experiment Results: {'eval_loss': 0.42382848262786865, 'eval_accuracy': 0.862, 'eval_runtime': 3.8222, 'eval_samples_per_second': 130.813, 'eval_steps_per_second': 16.482, 'epoch': 1.0}
2024-09-14 05:16:47,847 - INFO - Refined Experiment Plan:
# Experiment Plan: Adaptive Learning Rate Scheduling via Meta-Learning (Updated)

## 1. Objective
The primary objective of this experiment is to evaluate the efficacy of Adaptive Learning Rate Scheduling via Meta-Learning in improving the performance of AI models. Specifically, we aim to determine whether a meta-learning-based approach to dynamically adjusting the learning rate can outperform traditional learning rate schedules (e.g., step decay, cosine annealing) in terms of model accuracy, convergence speed, and overall stability.

## 2. Methodology
### 2.1. Experiment Setup
- **Control Group**: Train models using traditional learning rate schedules.
- **Experimental Group**: Train models using an adaptive learning rate schedule derived via meta-learning.

### 2.2. Meta-Learning Approach
- **Meta-Learner**: A neural network that predicts the optimal learning rate for each epoch based on the current state of the model (e.g., loss, gradient norms).
- **Training Phase**: Train the meta-learner on a variety of tasks to generalize learning rate adjustment strategies.
- **Deployment Phase**: Use the trained meta-learner to adjust the learning rate of the primary task model during training.

### 2.3. Suggested Improvements
Based on the initial results, we propose the following improvements to enhance performance:
1. **Increase Training Epochs**: Extend the number of training epochs to 100 to allow more time for convergence.
2. **Optimize Meta-Learner Parameters**:
    - Increase `meta_epochs` to 20.
    - Fine-tune the `meta_lr` to 0.005.
3. **Early Stopping**: Implement early stopping based on validation performance to prevent overfitting.
4. **Gradient Clipping**: Apply gradient clipping to stabilize training and prevent exploding gradients.
5. **Learning Rate Warm-Up**: Introduce a warm-up phase for the learning rate to help the model start training more effectively.
6. **Data Augmentation**: Apply data augmentation techniques to the training data to improve model generalization.

## 3. Datasets
We will use a diverse set of datasets to ensure the generalizability of our results. The datasets will be sourced from Hugging Face Datasets:

- **Natural Language Processing (NLP)**: 
  - **IMDB Reviews** (`imdb`)
  - **SQuAD v2.0** (`squad_v2`)
  
- **Computer Vision (CV)**:
  - **CIFAR-10** (`cifar10`)
  - **ImageNet** (`imagenet-1k`)

- **Tabular Data**:
  - **UCI Adult Income Dataset** (`adult`)

## 4. Model Architecture
### 4.1. NLP Models
- **BERT** (`bert-base-uncased`)
- **GPT-2** (`gpt2`)

### 4.2. CV Models
- **ResNet-50** (`resnet-50`)
- **EfficientNet** (`efficientnet-b0`)

### 4.3. Tabular Models
- **XGBoost** (`xgboost`)
- **TabNet** (`tabnet`)

## 5. Hyperparameters
For each model, we will tune the following hyperparameters:

- **Learning Rate**: Initial learning rate (before any scheduling)
  - `lr_initial`: 0.001
- **Batch Size**: Number of samples per gradient update
  - `batch_size`: 32
- **Epochs**: Number of training epochs
  - `epochs`: 100
- **Optimizer**: Optimization algorithm
  - `optimizer`: Adam
- **Meta-Learner Parameters**:
  - `meta_lr`: 0.005 (Learning rate for the meta-learner)
  - `meta_batch_size`: 16
  - `meta_epochs`: 20
- **Early Stopping**: Monitor validation loss with a patience of 10 epochs.
- **Gradient Clipping**: Clip gradients at a norm of 1.0.
- **Learning Rate Warm-Up**: Warm up learning rate for the first 10% of epochs.

## 6. Evaluation Metrics
The performance of the models will be evaluated using the following metrics:

### 6.1. Primary Metrics
- **Accuracy**: Percentage of correctly classified instances (for classification tasks).
- **F1 Score**: Harmonic mean of precision and recall (for imbalanced datasets).
- **Mean Squared Error (MSE)**: For regression tasks.

### 6.2. Secondary Metrics
- **Convergence Speed**: Number of epochs required to reach a certain accuracy threshold.
- **Stability**: Variance in accuracy across multiple runs.
- **Final Loss**: The final training loss after the last epoch.

### 6.3. Comparative Analysis
- **Improvement Percentage**: Percentage improvement in primary metrics when using adaptive learning rate scheduling compared to traditional schedules.
- **Statistical Significance**: Use paired t-tests to determine if the differences in performance metrics are statistically significant.

### 6.4. Ablation Studies
- **Meta-Learner Impact**: Compare performance with and without the meta-learner.
- **Learning Rate Sensitivity**: Evaluate how sensitive the models are to different initial learning rates.

This updated experiment plan incorporates several improvements aimed at enhancing the performance of models trained with adaptive learning rate scheduling via meta-learning. The modifications are designed to provide a more robust evaluation and potentially better outcomes in terms of model accuracy, convergence speed, and overall stability.
2024-09-14 05:16:47,847 - INFO - Using device: cuda
2024-09-14 05:16:48,516 - INFO - Loaded dataset: ag_news
2024-09-14 05:16:49,235 - INFO - Starting training...
2024-09-14 05:17:19,164 - INFO - Evaluating the model...
2024-09-14 05:17:23,002 - INFO - Experiment Results: {'eval_loss': 0.432305246591568, 'eval_accuracy': 0.856, 'eval_runtime': 3.8363, 'eval_samples_per_second': 130.335, 'eval_steps_per_second': 16.422, 'epoch': 1.0}
2024-09-14 05:17:29,921 - INFO - Optimization Suggestions:
To improve the performance of the AI model based on the provided evaluation metrics, we can consider several approaches, such as hyperparameter tuning, model architecture adjustments, or data augmentation. Here are some specific suggestions:

1. **Learning Rate Adjustment**:
   The learning rate is a critical hyperparameter that can significantly impact the model's performance. A lower learning rate might help the model converge better, reducing the evaluation loss.

2. **Batch Size Adjustment**:
   Increasing the batch size can help stabilize the training process and lead to better generalization.

3. **Model Architecture**:
   Depending on the specific model being used, adding more layers or using a different architecture can improve performance.

4. **Data Augmentation**:
   Applying data augmentation techniques can help the model generalize better.

Let's assume the model is defined in a file named `train_model.py`, and we want to make adjustments to the learning rate and batch size:

```python
# File: train_model.py
# Original Code:
from transformers import Trainer, TrainingArguments

training_args = TrainingArguments(
    output_dir='./results',          # output directory
    num_train_epochs=3,              # total number of training epochs
    per_device_train_batch_size=8,   # batch size for training
    per_device_eval_batch_size=8,    # batch size for evaluation
    warmup_steps=500,                # number of warmup steps for learning rate scheduler
    weight_decay=0.01,               # strength of weight decay
    logging_dir='./logs',            # directory for storing logs
    logging_steps=10,
    learning_rate=5e-5,              # learning rate
)

trainer = Trainer(
    model=model,                         # the instantiated 🤗 Transformers model to be trained
    args=training_args,                  # training arguments, defined above
    train_dataset=train_dataset,         # training dataset
    eval_dataset=eval_dataset            # evaluation dataset
)
```

# Updated Code:
```python
# File: train_model.py
# Updated Code:
from transformers import Trainer, TrainingArguments

training_args = TrainingArguments(
    output_dir='./results',          # output directory
    num_train_epochs=3,              # total number of training epochs
    per_device_train_batch_size=16,  # increased batch size for training
    per_device_eval_batch_size=16,   # increased batch size for evaluation
    warmup_steps=500,                # number of warmup steps for learning rate scheduler
    weight_decay=0.01,               # strength of weight decay
    logging_dir='./logs',            # directory for storing logs
    logging_steps=10,
    learning_rate=3e-5,              # reduced learning rate
)

trainer = Trainer(
    model=model,                         # the instantiated 🤗 Transformers model to be trained
    args=training_args,                  # training arguments, defined above
    train_dataset=train_dataset,         # training dataset
    eval_dataset=eval_dataset            # evaluation dataset
)
```

### Explanation of Changes:

1. **Increased Batch Size**:
   - **Original**: `per_device_train_batch_size=8`, `per_device_eval_batch_size=8`
   - **Updated**: `per_device_train_batch_size=16`, `per_device_eval_batch_size=16`
   - **Impact**: Increasing the batch size helps in stabilizing the training process and can lead to better generalization. This change should improve the evaluation accuracy and reduce evaluation loss.

2. **Reduced Learning Rate**:
   - **Original**: `learning_rate=5e-5`
   - **Updated**: `learning_rate=3e-5`
   - **Impact**: Lowering the learning rate allows the model to converge more smoothly, which can help in achieving a lower evaluation loss and potentially higher accuracy.

These changes are safe and should not introduce errors. They aim to improve the model's performance on benchmark tests by enhancing the training stability and convergence.
2024-09-14 05:17:29,926 - INFO - Code backup completed.
2024-09-14 05:17:29,927 - INFO - Code updated successfully.
2024-09-14 05:17:30,596 - INFO - Loaded benchmark dataset: GLUE SST-2
2024-09-14 05:17:37,648 - INFO - Benchmark Results: {'eval_loss': 0.698837161064148, 'eval_accuracy': 0.4873853211009174, 'eval_runtime': 6.3011, 'eval_samples_per_second': 138.388, 'eval_steps_per_second': 17.298}
2024-09-14 05:17:37,656 - INFO - Benchmark Results: {'eval_loss': 0.698837161064148, 'eval_accuracy': 0.4873853211009174, 'eval_runtime': 6.3011, 'eval_samples_per_second': 138.388, 'eval_steps_per_second': 17.298}
2024-09-14 05:17:37,656 - INFO - Report saved to reports/**Adaptive_Learning_Rate_Scheduling_via_Meta-Learn_20240914051737.md
2024-09-14 05:17:37,657 - INFO - Starting run 3 of 5
2024-09-14 05:17:37,657 - INFO - Attempt 1 of 3
2024-09-14 05:17:41,502 - INFO - Generated ideas: ['Sure, here are five novel research ideas in AI and ML that could improve the performance and capabilities of AI systems, and can be executed with limited computational resources within a week:', '**Adaptive Learning Rate Schedules Based on Model Performance Metrics**: Develop an algorithm that dynamically adjusts the learning rate during training based on real-time performance metrics such as loss or accuracy. This approach could help accelerate convergence and improve the final model performance without the need for extensive hyperparameter tuning.', '**Data Augmentation Techniques for Low-Resource Environments**: Investigate and implement novel data augmentation strategies specifically designed for environments with limited computational resources. These strategies could include lightweight transformations or synthetic data generation methods that are computationally efficient yet effective in improving model robustness.', '**Knowledge Distillation for Small-Scale Models**: Explore techniques for transferring knowledge from large, pre-trained models to smaller models that can be trained on a single GPU. This research could focus on optimizing the distillation process to retain as much performance as possible while significantly reducing the computational requirements.', '**Efficient Pruning Methods for Neural Networks**: Design and test new pruning methods that can effectively reduce the size of neural networks without significant loss in performance. The focus could be on creating pruning algorithms that are computationally inexpensive and can be applied iteratively during the training process.', '**Meta-Learning for Hyperparameter Optimization**: Implement a meta-learning approach to automate hyperparameter tuning for small-scale models. This could involve creating a meta-learning framework that leverages past training experiences to quickly find optimal hyperparameters for new models, thereby reducing the need for extensive manual tuning.', 'These ideas are designed to be feasible within a short timeframe and with limited computational resources, while still aiming to enhance the performance and capabilities of AI systems.']
2024-09-14 05:17:41,834 - INFO - Idea: Sure, here are five novel research ideas in AI and ML that could improve the performance and capabilities of AI systems, and can be executed with limited computational resources within a week:, Novelty: 3, Success: 2
2024-09-14 05:17:42,174 - INFO - Idea: **Adaptive Learning Rate Schedules Based on Model Performance Metrics**: Develop an algorithm that dynamically adjusts the learning rate during training based on real-time performance metrics such as loss or accuracy. This approach could help accelerate convergence and improve the final model performance without the need for extensive hyperparameter tuning., Novelty: 6, Success: 8
2024-09-14 05:17:42,521 - INFO - Idea: **Data Augmentation Techniques for Low-Resource Environments**: Investigate and implement novel data augmentation strategies specifically designed for environments with limited computational resources. These strategies could include lightweight transformations or synthetic data generation methods that are computationally efficient yet effective in improving model robustness., Novelty: 6, Success: 7
2024-09-14 05:17:42,909 - INFO - Idea: **Knowledge Distillation for Small-Scale Models**: Explore techniques for transferring knowledge from large, pre-trained models to smaller models that can be trained on a single GPU. This research could focus on optimizing the distillation process to retain as much performance as possible while significantly reducing the computational requirements., Novelty: 6, Success: 8
2024-09-14 05:17:43,358 - INFO - Idea: **Efficient Pruning Methods for Neural Networks**: Design and test new pruning methods that can effectively reduce the size of neural networks without significant loss in performance. The focus could be on creating pruning algorithms that are computationally inexpensive and can be applied iteratively during the training process., Novelty: 6, Success: 8
2024-09-14 05:17:43,686 - INFO - Idea: **Meta-Learning for Hyperparameter Optimization**: Implement a meta-learning approach to automate hyperparameter tuning for small-scale models. This could involve creating a meta-learning framework that leverages past training experiences to quickly find optimal hyperparameters for new models, thereby reducing the need for extensive manual tuning., Novelty: 6, Success: 8
2024-09-14 05:17:43,985 - INFO - Idea: These ideas are designed to be feasible within a short timeframe and with limited computational resources, while still aiming to enhance the performance and capabilities of AI systems., Novelty: 3, Success: 4
2024-09-14 05:17:51,514 - INFO - Experiment Plan:
### Experiment Plan: Adaptive Learning Rate Schedules Based on Model Performance Metrics

#### 1. Objective
The primary objective of this experiment is to develop and evaluate an adaptive learning rate algorithm that dynamically adjusts the learning rate during training based on real-time performance metrics such as loss and accuracy. The goal is to improve the final model performance and accelerate convergence without the need for extensive hyperparameter tuning.

#### 2. Methodology
- **Algorithm Development**: Develop an adaptive learning rate algorithm that monitors performance metrics (e.g., training loss, validation loss, and accuracy) in real-time and adjusts the learning rate accordingly. The algorithm will be compared against traditional static learning rate schedules and commonly used dynamic schedules like StepLR and ReduceLROnPlateau.
  
- **Training Protocol**:
  1. Initialize the model with a base learning rate.
  2. Train the model and monitor performance metrics at regular intervals (e.g., every epoch or every N batches).
  3. Adjust the learning rate based on the observed performance metrics using the adaptive algorithm.
  4. Continue training until convergence or a predefined number of epochs.

- **Baseline Comparison**: Train models using traditional static learning rates and existing dynamic schedules as baselines.

- **Experiment Repeats**: Conduct multiple runs to ensure statistical significance.

#### 3. Datasets
- **CIFAR-10**: A dataset consisting of 60,000 32x32 color images in 10 classes, with 6,000 images per class.
- **IMDB**: A dataset for binary sentiment classification containing 50,000 movie reviews.
- **Hugging Face Datasets**:
  - **CIFAR-10**: `datasets.load_dataset("cifar10")`
  - **IMDB**: `datasets.load_dataset("imdb")`

#### 4. Model Architecture
- **Image Classification (CIFAR-10)**: ResNet-18
- **Text Classification (IMDB)**: BERT (Bidirectional Encoder Representations from Transformers)

#### 5. Hyperparameters
- **Initial Learning Rate**: `0.001`
- **Batch Size**: `64`
- **Epochs**: `50`
- **Optimizer**: Adam
- **Adaptive Algorithm Parameters**:
  - **Metric Monitoring Interval**: `1 epoch`
  - **Learning Rate Adjustment Factor**: `0.1`
  - **Improvement Threshold**: `0.01` (for loss or accuracy)

#### 6. Evaluation Metrics
- **Primary Metrics**:
  - **Training Loss**: Evaluated at the end of each epoch.
  - **Validation Loss**: Evaluated at the end of each epoch.
  - **Validation Accuracy**: Evaluated at the end of each epoch.
- **Secondary Metrics**:
  - **Training Time**: Total time taken to train the model.
  - **Convergence Epoch**: Number of epochs taken to reach a performance plateau.

The evaluation will compare the performance of the adaptive learning rate schedule against static and other dynamic schedules in terms of both primary and secondary metrics. The adaptive learning rate algorithm's ability to generalize across different datasets and model architectures will also be assessed.
2024-09-14 05:17:51,514 - INFO - Using device: cuda
2024-09-14 05:17:52,077 - INFO - Loaded dataset: ag_news
2024-09-14 05:17:52,851 - INFO - Starting training...
2024-09-14 05:18:22,531 - INFO - Evaluating the model...
2024-09-14 05:18:26,366 - INFO - Experiment Results: {'eval_loss': 0.42382848262786865, 'eval_accuracy': 0.862, 'eval_runtime': 3.8327, 'eval_samples_per_second': 130.456, 'eval_steps_per_second': 16.437, 'epoch': 1.0}
2024-09-14 05:18:33,019 - INFO - Refined Experiment Plan:
### Updated Experiment Plan: Adaptive Learning Rate Schedules Based on Model Performance Metrics

#### 1. Objective
The primary objective of this experiment is to develop and evaluate an adaptive learning rate algorithm that dynamically adjusts the learning rate during training based on real-time performance metrics such as loss and accuracy. The goal is to improve the final model performance and accelerate convergence without the need for extensive hyperparameter tuning.

#### 2. Methodology
- **Algorithm Development**: Develop an adaptive learning rate algorithm that monitors performance metrics (e.g., training loss, validation loss, and accuracy) in real-time and adjusts the learning rate accordingly. The algorithm will be compared against traditional static learning rate schedules and commonly used dynamic schedules like StepLR and ReduceLROnPlateau.
  
- **Training Protocol**:
  1. Initialize the model with a base learning rate.
  2. Train the model and monitor performance metrics at regular intervals (e.g., every epoch or every N batches).
  3. Adjust the learning rate based on the observed performance metrics using the adaptive algorithm.
  4. Continue training until convergence or a predefined number of epochs.

- **Baseline Comparison**: Train models using traditional static learning rates and existing dynamic schedules as baselines.

- **Experiment Repeats**: Conduct multiple runs to ensure statistical significance.

#### 3. Datasets
- **CIFAR-10**: A dataset consisting of 60,000 32x32 color images in 10 classes, with 6,000 images per class.
- **IMDB**: A dataset for binary sentiment classification containing 50,000 movie reviews.
- **Hugging Face Datasets**:
  - **CIFAR-10**: `datasets.load_dataset("cifar10")`
  - **IMDB**: `datasets.load_dataset("imdb")`

#### 4. Model Architecture
- **Image Classification (CIFAR-10)**: ResNet-18
- **Text Classification (IMDB)**: BERT (Bidirectional Encoder Representations from Transformers)

#### 5. Hyperparameters
- **Initial Learning Rate**: `0.001`
- **Batch Size**: `64`
- **Epochs**: `50`
- **Optimizer**: Adam
- **Adaptive Algorithm Parameters**:
  - **Metric Monitoring Interval**: `1 epoch`
  - **Learning Rate Adjustment Factor**: `0.1`
  - **Improvement Threshold**: `0.01` (for loss or accuracy)

**Updated Hyperparameters and Considerations**:
- **Adaptive Learning Rate Strategy**: Implement a more nuanced adjustment mechanism based on a combination of short-term and long-term performance trends.
  - Introduce a **Learning Rate Smoothing Factor**: to avoid overreacting to short-term fluctuations in performance metrics.
  - **Dynamic Adjustment Factor**: Calculate the adjustment factor based on the magnitude of performance improvement or degradation, rather than a fixed factor.
  - **Warm-up Phase**: Incorporate a warm-up phase where the learning rate gradually increases to the initial value over the first few epochs. This can help stabilize training in the early stages.
  - **Cool-down Phase**: Gradually decrease the learning rate towards the end of training to fine-tune the model weights.

#### 6. Evaluation Metrics
- **Primary Metrics**:
  - **Training Loss**: Evaluated at the end of each epoch.
  - **Validation Loss**: Evaluated at the end of each epoch.
  - **Validation Accuracy**: Evaluated at the end of each epoch.
- **Secondary Metrics**:
  - **Training Time**: Total time taken to train the model.
  - **Convergence Epoch**: Number of epochs taken to reach a performance plateau.

The evaluation will compare the performance of the adaptive learning rate schedule against static and other dynamic schedules in terms of both primary and secondary metrics. The adaptive learning rate algorithm's ability to generalize across different datasets and model architectures will also be assessed.
2024-09-14 05:18:33,020 - INFO - Using device: cuda
2024-09-14 05:18:33,672 - INFO - Loaded dataset: ag_news
2024-09-14 05:18:34,519 - INFO - Starting training...
2024-09-14 05:19:04,141 - INFO - Evaluating the model...
2024-09-14 05:19:07,986 - INFO - Experiment Results: {'eval_loss': 0.432305246591568, 'eval_accuracy': 0.856, 'eval_runtime': 3.8431, 'eval_samples_per_second': 130.104, 'eval_steps_per_second': 16.393, 'epoch': 1.0}
2024-09-14 05:19:12,521 - INFO - Optimization Suggestions:
To provide targeted suggestions for improving the performance of the AI Research System, we will focus on reducing the evaluation loss and increasing the evaluation accuracy. Here are some possible changes:

1. **Learning Rate Adjustment**: Adjusting the learning rate can help the model converge better. Often, a lower learning rate can improve the performance by allowing more precise adjustments to the model weights.

2. **Batch Size**: Increasing the batch size can stabilize the training process and lead to better performance metrics.

3. **Number of Epochs**: Training the model for more epochs can further improve the accuracy if the model has not yet fully converged.

4. **Optimizer Change**: Sometimes, switching to a more advanced optimizer like AdamW can yield better results.

Here are the suggested code changes:

```python
# File: training_script.py
# Original Code:
model = MyModel()
optimizer = torch.optim.Adam(model.parameters(), lr=0.001)
batch_size = 32
num_epochs = 1

# Updated Code:
model = MyModel()
optimizer = torch.optim.AdamW(model.parameters(), lr=0.0005)
batch_size = 64
num_epochs = 3
```

### Explanation of Changes:

1. **Learning Rate Adjustment**:
   - **Original**: `lr=0.001`
   - **Updated**: `lr=0.0005`
   - **Reason**: A lower learning rate can lead to more fine-grained adjustments, potentially leading to better convergence and lower evaluation loss.

2. **Batch Size**:
   - **Original**: `batch_size = 32`
   - **Updated**: `batch_size = 64`
   - **Reason**: A larger batch size can provide more stable gradient estimates, which can help the model learn more effectively.

3. **Number of Epochs**:
   - **Original**: `num_epochs = 1`
   - **Updated**: `num_epochs = 3`
   - **Reason**: Training for more epochs allows the model to learn more from the data, which can improve accuracy. However, it is important to monitor for overfitting.

4. **Optimizer Change**:
   - **Original**: `optimizer = torch.optim.Adam(model.parameters(), lr=0.001)`
   - **Updated**: `optimizer = torch.optim.AdamW(model.parameters(), lr=0.0005)`
   - **Reason**: AdamW is known to yield better generalization by decoupling weight decay from the gradient update, which can lead to better performance.

These changes are intended to improve the model's performance on benchmark tests by allowing it to learn more effectively and efficiently. Always ensure to monitor the training process to avoid overfitting and adjust hyperparameters as necessary based on the results.
2024-09-14 05:19:12,525 - INFO - Code backup completed.
2024-09-14 05:19:12,525 - INFO - Code updated successfully.
2024-09-14 05:19:14,523 - INFO - Loaded benchmark dataset: GLUE SST-2
2024-09-14 05:19:21,526 - INFO - Benchmark Results: {'eval_loss': 0.698837161064148, 'eval_accuracy': 0.4873853211009174, 'eval_runtime': 6.3196, 'eval_samples_per_second': 137.984, 'eval_steps_per_second': 17.248}
2024-09-14 05:19:21,533 - INFO - Benchmark Results: {'eval_loss': 0.698837161064148, 'eval_accuracy': 0.4873853211009174, 'eval_runtime': 6.3196, 'eval_samples_per_second': 137.984, 'eval_steps_per_second': 17.248}
2024-09-14 05:19:21,534 - INFO - Report saved to reports/**Adaptive_Learning_Rate_Schedules_Based_on_Model__20240914051921.md
2024-09-14 05:19:21,534 - INFO - Starting run 4 of 5
2024-09-14 05:19:21,534 - INFO - Attempt 1 of 3
2024-09-14 05:19:25,192 - INFO - Generated ideas: ['Certainly! Here are five novel research ideas in the field of AI and ML that focus on improving the performance and capabilities of AI systems themselves, and are executable with limited computational resources within a week:', '**Adaptive Learning Rate Schedules for Single-GPU Training:**', 'Develop an adaptive learning rate scheduling algorithm that dynamically adjusts the learning rate based on the real-time performance of the model on validation data. The goal is to optimize the training process for models running on a single GPU by minimizing training time and avoiding common pitfalls like overfitting and underfitting.', '**Efficient Data Augmentation Techniques for Limited Resources:**', 'Investigate lightweight data augmentation techniques that can be applied on-the-fly during training without significantly increasing computational overhead. For example, explore randomized low-cost transformations like random cropping, flipping, and color jittering, and measure their impact on model performance when trained with limited computational power.', '**Model Pruning and Quantization for Enhanced Efficiency:**', 'Explore novel methods for pruning and quantizing neural networks to reduce their size and computational requirements while maintaining or even improving their accuracy. Conduct experiments to determine the optimal balance between model complexity and performance, specifically targeting the limitations of a single GPU environment.', '**Meta-Learning Approaches for Hyperparameter Optimization:**', 'Implement a meta-learning framework that automates the hyperparameter tuning process using a combination of grid search, random search, and Bayesian optimization. The framework should be designed to efficiently find the best hyperparameters for a given model within a short time frame and limited computational resources.', '**Knowledge Distillation for Resource-Constrained Models:**', 'Develop a streamlined knowledge distillation process where a smaller "student" model is trained to mimic the performance of a larger "teacher" model. The focus should be on optimizing the distillation process to ensure that the student model retains high accuracy while being computationally efficient enough to train and deploy on a single GPU.', 'These ideas are designed to be feasible within a week and with limited computational resources, while still aiming to make meaningful improvements to the performance and capabilities of AI systems.']
2024-09-14 05:19:25,533 - INFO - Idea: Certainly! Here are five novel research ideas in the field of AI and ML that focus on improving the performance and capabilities of AI systems themselves, and are executable with limited computational resources within a week:, Novelty: 3, Success: 2
2024-09-14 05:19:25,967 - INFO - Idea: **Adaptive Learning Rate Schedules for Single-GPU Training:**, Novelty: 5, Success: 7
2024-09-14 05:19:26,260 - INFO - Idea: Develop an adaptive learning rate scheduling algorithm that dynamically adjusts the learning rate based on the real-time performance of the model on validation data. The goal is to optimize the training process for models running on a single GPU by minimizing training time and avoiding common pitfalls like overfitting and underfitting., Novelty: 5, Success: 7
2024-09-14 05:19:26,581 - INFO - Idea: **Efficient Data Augmentation Techniques for Limited Resources:**, Novelty: 6, Success: 8
2024-09-14 05:19:26,875 - INFO - Idea: Investigate lightweight data augmentation techniques that can be applied on-the-fly during training without significantly increasing computational overhead. For example, explore randomized low-cost transformations like random cropping, flipping, and color jittering, and measure their impact on model performance when trained with limited computational power., Novelty: 4, Success: 7
2024-09-14 05:19:27,157 - INFO - Idea: **Model Pruning and Quantization for Enhanced Efficiency:**, Novelty: 4, Success: 8
2024-09-14 05:19:27,821 - INFO - Idea: Explore novel methods for pruning and quantizing neural networks to reduce their size and computational requirements while maintaining or even improving their accuracy. Conduct experiments to determine the optimal balance between model complexity and performance, specifically targeting the limitations of a single GPU environment., Novelty: 6, Success: 8
2024-09-14 05:19:28,131 - INFO - Idea: **Meta-Learning Approaches for Hyperparameter Optimization:**, Novelty: 6, Success: 8
2024-09-14 05:19:28,419 - INFO - Idea: Implement a meta-learning framework that automates the hyperparameter tuning process using a combination of grid search, random search, and Bayesian optimization. The framework should be designed to efficiently find the best hyperparameters for a given model within a short time frame and limited computational resources., Novelty: 4, Success: 7
2024-09-14 05:19:28,853 - INFO - Idea: **Knowledge Distillation for Resource-Constrained Models:**, Novelty: 5, Success: 8
2024-09-14 05:19:29,542 - INFO - Idea: Develop a streamlined knowledge distillation process where a smaller "student" model is trained to mimic the performance of a larger "teacher" model. The focus should be on optimizing the distillation process to ensure that the student model retains high accuracy while being computationally efficient enough to train and deploy on a single GPU., Novelty: 5, Success: 8
2024-09-14 05:19:29,879 - INFO - Idea: These ideas are designed to be feasible within a week and with limited computational resources, while still aiming to make meaningful improvements to the performance and capabilities of AI systems., Novelty: 3, Success: 2
2024-09-14 05:19:35,477 - INFO - Experiment Plan:
### Experiment Plan: Efficient Data Augmentation Techniques for Limited Resources

#### 1. Objective
The objective of this experiment is to evaluate the effectiveness of various data augmentation techniques in improving the performance of AI models when limited computational resources and data are available. Specifically, we aim to investigate whether these techniques can enhance model accuracy and generalizability without significantly increasing computational overhead.

#### 2. Methodology
- **Step 1:** Select a baseline model.
- **Step 2:** Train the baseline model on a limited dataset without any data augmentation to establish a performance baseline.
- **Step 3:** Apply different data augmentation techniques to the same limited dataset.
- **Step 4:** Train identical models on the augmented datasets.
- **Step 5:** Compare the performance of models trained on augmented data with the baseline model.
- **Step 6:** Evaluate the computational efficiency of each augmentation technique.

Data Augmentation Techniques to be Tested:
1. Random Cropping
2. Horizontal and Vertical Flips
3. Rotation and Translation
4. Color Jitter
5. Mixup and CutMix
6. Synthetic Data Generation

#### 3. Datasets
Selected datasets from Hugging Face Datasets:
- **CIFAR-10**: A dataset consisting of 60,000 32x32 color images in 10 classes, with 6,000 images per class.
- **Fashion MNIST**: A dataset of Zalando's article images, consisting of a training set of 60,000 examples and a test set of 10,000 examples.

#### 4. Model Architecture
- **Baseline Model:** ResNet-18 for CIFAR-10 and a simple CNN (Convolutional Neural Network) for Fashion MNIST.
- **Augmented Models:** The same architectures as used in the baseline model.

#### 5. Hyperparameters
Common hyperparameters for both datasets and models:
- **Learning Rate:** 0.001
- **Batch Size:** 64
- **Epochs:** 50
- **Optimizer:** Adam
- **Weight Decay:** 0.0001
- **Momentum:** 0.9 (if using SGD)

#### 6. Evaluation Metrics
- **Accuracy:** The percentage of correctly classified samples over the total number of samples.
- **F1 Score:** The harmonic mean of precision and recall to account for imbalanced classes.
- **Training Time:** Total time taken to complete the training process.
- **Memory Usage:** Peak memory usage during training to assess computational efficiency.
- **Inference Time:** Time taken to make predictions on the test set.

By carefully following this experimental plan, we aim to identify which data augmentation techniques provide the best trade-off between improved model performance and computational efficiency, particularly under constrained resources.
2024-09-14 05:19:35,477 - INFO - Using device: cuda
2024-09-14 05:19:36,004 - INFO - Loaded dataset: ag_news
2024-09-14 05:19:36,724 - INFO - Starting training...
2024-09-14 05:20:06,408 - INFO - Evaluating the model...
2024-09-14 05:20:10,258 - INFO - Experiment Results: {'eval_loss': 0.42382848262786865, 'eval_accuracy': 0.862, 'eval_runtime': 3.8483, 'eval_samples_per_second': 129.928, 'eval_steps_per_second': 16.371, 'epoch': 1.0}
2024-09-14 05:20:20,014 - INFO - Refined Experiment Plan:
### Experiment Plan: Efficient Data Augmentation Techniques for Limited Resources (Updated)

#### 1. Objective
The objective of this experiment is to evaluate the effectiveness of various data augmentation techniques in improving the performance of AI models when limited computational resources and data are available. Specifically, we aim to investigate whether these techniques can enhance model accuracy and generalizability without significantly increasing computational overhead. Based on initial results, we will explore additional improvements to further enhance model performance.

#### 2. Methodology
- **Step 1:** Select a baseline model.
- **Step 2:** Train the baseline model on a limited dataset without any data augmentation to establish a performance baseline.
- **Step 3:** Apply different data augmentation techniques to the same limited dataset.
- **Step 4:** Train identical models on the augmented datasets.
- **Step 5:** Compare the performance of models trained on augmented data with the baseline model.
- **Step 6:** Evaluate the computational efficiency of each augmentation technique.
- **Step 7:** Implement additional improvements based on initial results and retrain models.

Data Augmentation Techniques to be Tested:
1. Random Cropping
2. Horizontal and Vertical Flips
3. Rotation and Translation
4. Color Jitter
5. Mixup and CutMix
6. Synthetic Data Generation

Additional Improvements:
1. **Hybrid Augmentation:** Combine multiple augmentation techniques to create more varied training samples.
2. **AutoAugment:** Use an automated search algorithm to find the best augmentation policies.
3. **Progressive Resizing:** Start training with smaller image sizes and progressively increase the size during training.
4. **Learning Rate Schedulers:** Implement learning rate schedules such as cosine annealing or step decay to improve convergence.
5. **Early Stopping:** Monitor validation performance to stop training early if there is no improvement, saving computational resources.

#### 3. Datasets
Selected datasets from Hugging Face Datasets:
- **CIFAR-10:** A dataset consisting of 60,000 32x32 color images in 10 classes, with 6,000 images per class.
- **Fashion MNIST:** A dataset of Zalando's article images, consisting of a training set of 60,000 examples and a test set of 10,000 examples.

#### 4. Model Architecture
- **Baseline Model:** ResNet-18 for CIFAR-10 and a simple CNN (Convolutional Neural Network) for Fashion MNIST.
- **Augmented Models:** The same architectures as used in the baseline model.
- **Hybrid Models:** Models trained with additional improvements.

#### 5. Hyperparameters
Common hyperparameters for both datasets and models:
- **Learning Rate:** 0.001
- **Batch Size:** 64
- **Epochs:** 50 (with early stopping criteria)
- **Optimizer:** Adam
- **Weight Decay:** 0.0001
- **Momentum:** 0.9 (if using SGD)
- **Learning Rate Scheduler:** Cosine Annealing with warm restarts

#### 6. Evaluation Metrics
- **Accuracy:** The percentage of correctly classified samples over the total number of samples.
- **F1 Score:** The harmonic mean of precision and recall to account for imbalanced classes.
- **Training Time:** Total time taken to complete the training process.
- **Memory Usage:** Peak memory usage during training to assess computational efficiency.
- **Inference Time:** Time taken to make predictions on the test set.

By incorporating these additional improvements and carefully following this experimental plan, we aim to identify which data augmentation techniques and additional strategies provide the best trade-off between improved model performance and computational efficiency, particularly under constrained resources.
2024-09-14 05:20:20,014 - INFO - Using device: cuda
2024-09-14 05:20:20,650 - INFO - Loaded dataset: ag_news
2024-09-14 05:20:21,482 - INFO - Starting training...
2024-09-14 05:20:51,163 - INFO - Evaluating the model...
2024-09-14 05:20:55,057 - INFO - Experiment Results: {'eval_loss': 0.432305246591568, 'eval_accuracy': 0.856, 'eval_runtime': 3.8916, 'eval_samples_per_second': 128.482, 'eval_steps_per_second': 16.189, 'epoch': 1.0}
2024-09-14 05:20:59,809 - INFO - Optimization Suggestions:
Based on the results obtained, here are some suggestions to improve the performance of the AI Research System:

1. **Evaluate Learning Rate**: Adjusting the learning rate can often lead to better performance. A common approach is to use a learning rate scheduler or a lower initial learning rate.

2. **Increase Epochs**: Training for more epochs can allow the model to learn better, provided there is no overfitting.

3. **Batch Size**: Adjusting the batch size can also impact the performance. A larger batch size can improve the stability of the gradients but may require more memory.

4. **Model Architecture**: Consider more advanced architectures or fine-tuning an existing pre-trained model.

Below are the specific changes to the system's code to implement these suggestions:

```python
# File: train.py
# Original Code:
model = Model()
optimizer = torch.optim.Adam(model.parameters(), lr=0.001)
criterion = nn.CrossEntropyLoss()
num_epochs = 1
batch_size = 32

# Updated Code:
from transformers import get_linear_schedule_with_warmup

model = Model()
optimizer = torch.optim.Adam(model.parameters(), lr=0.0005)  # Reduced learning rate
criterion = nn.CrossEntropyLoss()

num_epochs = 3  # Increased number of epochs
batch_size = 64  # Increased batch size

# Adding a learning rate scheduler
total_steps = len(train_dataloader) * num_epochs
scheduler = get_linear_schedule_with_warmup(optimizer, num_warmup_steps=0, num_training_steps=total_steps)

# Training loop (simplified)
for epoch in range(num_epochs):
    model.train()
    for batch in train_dataloader:
        optimizer.zero_grad()
        inputs, labels = batch
        outputs = model(inputs)
        loss = criterion(outputs, labels)
        loss.backward()
        optimizer.step()
        scheduler.step()  # Update the learning rate
```

### Explanation of Changes:

1. **Learning Rate**: The learning rate is reduced from `0.001` to `0.0005`, which can help in better convergence and reducing the chances of overshooting the optimal point.

2. **Epochs**: Increased the number of epochs from `1` to `3`. This allows the model to train for a longer period, potentially improving its accuracy.

3. **Batch Size**: Increased the batch size from `32` to `64`. This can lead to more stable gradient updates, although it requires more memory.

4. **Learning Rate Scheduler**: Introduced a learning rate scheduler (`get_linear_schedule_with_warmup`). This helps in gradually reducing the learning rate during training, which can improve the final performance by allowing finer adjustments to the weights towards the end of training.

These changes should collectively improve the eval_loss and eval_accuracy metrics by allowing the model to train more effectively and with finer adjustments during the training process.
2024-09-14 05:20:59,813 - INFO - Code backup completed.
2024-09-14 05:20:59,814 - INFO - Code updated successfully.
2024-09-14 05:21:00,586 - INFO - Loaded benchmark dataset: GLUE SST-2
2024-09-14 05:21:07,693 - INFO - Benchmark Results: {'eval_loss': 0.698837161064148, 'eval_accuracy': 0.4873853211009174, 'eval_runtime': 6.3171, 'eval_samples_per_second': 138.037, 'eval_steps_per_second': 17.255}
2024-09-14 05:21:07,700 - INFO - Benchmark Results: {'eval_loss': 0.698837161064148, 'eval_accuracy': 0.4873853211009174, 'eval_runtime': 6.3171, 'eval_samples_per_second': 138.037, 'eval_steps_per_second': 17.255}
2024-09-14 05:21:07,701 - INFO - Report saved to reports/**Efficient_Data_Augmentation_Techniques_for_Limit_20240914052107.md
2024-09-14 05:21:07,701 - INFO - Starting run 5 of 5
2024-09-14 05:21:07,701 - INFO - Attempt 1 of 3
2024-09-14 05:21:10,459 - INFO - Generated ideas: ['1. **Adaptive Learning Rate Tuning via Meta-Learning:**', 'Develop a meta-learning algorithm that dynamically adjusts the learning rate of an AI model based on real-time feedback from the training process. This could help in achieving faster convergence and better performance with limited computational resources.', '2. **Efficient Hyperparameter Optimization Using Bayesian Inference:**', 'Implement a lightweight Bayesian optimization framework that leverages prior knowledge and sequential model-based optimization to efficiently tune hyperparameters of AI models. This approach would focus on reducing computational overhead while improving model performance.', '3. **Pruning and Quantization for Low-Resource Environments:**', 'Investigate new methods for model pruning and quantization that maintain high accuracy while significantly reducing the model size and computational requirements. This research could lead to more efficient deployment of AI models on devices with limited resources.', '4. **Self-Regularizing Neural Networks:**', 'Explore the development of neural networks that incorporate built-in regularization mechanisms to prevent overfitting without the need for extensive hyperparameter tuning. These self-regularizing networks would be designed to perform well even with limited training data.', '5. **Transfer Learning with Few-Shot Adaptation:**', 'Create a transfer learning framework that allows pre-trained models to quickly adapt to new tasks with minimal training data and computational effort. The focus would be on designing efficient fine-tuning techniques and leveraging meta-learning principles to enhance the adaptability of AI systems.']
2024-09-14 05:21:10,754 - INFO - Idea: 1. **Adaptive Learning Rate Tuning via Meta-Learning:**, Novelty: 6, Success: 7
2024-09-14 05:21:11,363 - INFO - Idea: Develop a meta-learning algorithm that dynamically adjusts the learning rate of an AI model based on real-time feedback from the training process. This could help in achieving faster convergence and better performance with limited computational resources., Novelty: 6, Success: 8
2024-09-14 05:21:11,736 - INFO - Idea: 2. **Efficient Hyperparameter Optimization Using Bayesian Inference:**, Novelty: 4, Success: 8
2024-09-14 05:21:12,041 - INFO - Idea: Implement a lightweight Bayesian optimization framework that leverages prior knowledge and sequential model-based optimization to efficiently tune hyperparameters of AI models. This approach would focus on reducing computational overhead while improving model performance., Novelty: 6, Success: 8
2024-09-14 05:21:12,371 - INFO - Idea: 3. **Pruning and Quantization for Low-Resource Environments:**, Novelty: 4, Success: 8
2024-09-14 05:21:13,305 - INFO - Idea: Investigate new methods for model pruning and quantization that maintain high accuracy while significantly reducing the model size and computational requirements. This research could lead to more efficient deployment of AI models on devices with limited resources., Novelty: 6, Success: 8
2024-09-14 05:21:13,639 - INFO - Idea: 4. **Self-Regularizing Neural Networks:**, Novelty: 6, Success: 7
2024-09-14 05:21:13,935 - INFO - Idea: Explore the development of neural networks that incorporate built-in regularization mechanisms to prevent overfitting without the need for extensive hyperparameter tuning. These self-regularizing networks would be designed to perform well even with limited training data., Novelty: 7, Success: 6
2024-09-14 05:21:14,218 - INFO - Idea: 5. **Transfer Learning with Few-Shot Adaptation:**, Novelty: 4, Success: 8
2024-09-14 05:21:14,614 - INFO - Idea: Create a transfer learning framework that allows pre-trained models to quickly adapt to new tasks with minimal training data and computational effort. The focus would be on designing efficient fine-tuning techniques and leveraging meta-learning principles to enhance the adaptability of AI systems., Novelty: 6, Success: 8
2024-09-14 05:21:21,129 - INFO - Experiment Plan:
## Experiment Plan to Test Meta-Learning Algorithm for Dynamic Learning Rate Adjustment

### 1. Objective
The primary objective of this experiment is to evaluate the effectiveness of a meta-learning algorithm that dynamically adjusts the learning rate of an AI model based on real-time feedback from the training process. We aim to determine whether this approach can achieve faster convergence and better performance with limited computational resources compared to static learning rate schedules.

### 2. Methodology
1. **Meta-Learning Algorithm Development**:
   - Develop a meta-learning algorithm that can adjust the learning rate dynamically. This algorithm will use real-time feedback such as gradient magnitudes, loss values, and validation accuracy to modify the learning rate.
   - Implement this meta-learning algorithm as a wrapper around the optimizer in a standard training loop.

2. **Baseline Comparison**:
   - Train the same AI model using traditional static learning rate schedules like step decay, exponential decay, and cyclic learning rates for comparison.

3. **Training Procedure**:
   - Split the dataset into training, validation, and test sets.
   - Train the models (one with the meta-learning algorithm and others with static schedules) on the training set.
   - Validate the models on the validation set to adjust hyperparameters and learning rates.
   - Evaluate the final performance on the test set.

4. **Reproducibility**:
   - Ensure that the experiments are reproducible by fixing random seeds and using consistent data splits.

### 3. Datasets
We will use well-known datasets from the Hugging Face Datasets repository to ensure the experiment's generalizability across different data types. The chosen datasets are:
   - **Image Classification**: CIFAR-10 (`cifar10`)
   - **Text Classification**: IMDb Reviews (`imdb`)
   - **Tabular Data**: Titanic Survival Prediction (`titanic`)

### 4. Model Architecture
We will use different model architectures suitable for each type of dataset:
   - **Image Classification**: ResNet-18
   - **Text Classification**: BERT (Base, uncased)
   - **Tabular Data**: XGBoost

### 5. Hyperparameters
The following hyperparameters will be used in the experiments:
   - **Learning Rate (Initial)**: `0.001`
   - **Batch Size**: `32`
   - **Epochs**: `50`
   - **Optimizer**: Adam
   - **Meta-Learning Parameters**:
     - Feedback Interval: `1 batch`
     - Learning Rate Adjustment Factor: `0.1`
     - Gradient Magnitude Threshold: `0.01`
   - **Static Learning Rate Schedules**:
     - Step Decay Steps: `10`
     - Step Decay Factor: `0.1`
     - Exponential Decay Rate: `0.96`
     - Cyclic Learning Rate Base LR: `0.0001`
     - Cyclic Learning Rate Max LR: `0.01`

### 6. Evaluation Metrics
We will evaluate the models using the following metrics:
   - **Training Time**: Total time taken for training until convergence.
   - **Number of Epochs to Convergence**: Number of epochs required to reach a stable validation loss.
   - **Validation Accuracy**: Accuracy on the validation set.
   - **Test Accuracy**: Accuracy on the test set.
   - **Loss Reduction Rate**: Rate at which the loss decreases during training.
   - **Resource Utilization**: Computational resources used (e.g., GPU hours).

By comparing these metrics for the meta-learning algorithm and the static learning rate schedules, we aim to determine the efficacy of dynamic learning rate adjustment in improving model performance and resource efficiency.
2024-09-14 05:21:21,129 - INFO - Using device: cuda
2024-09-14 05:21:21,878 - INFO - Loaded dataset: ag_news
2024-09-14 05:21:22,680 - INFO - Starting training...
2024-09-14 05:21:52,439 - INFO - Evaluating the model...
2024-09-14 05:21:56,299 - INFO - Experiment Results: {'eval_loss': 0.42382848262786865, 'eval_accuracy': 0.862, 'eval_runtime': 3.8582, 'eval_samples_per_second': 129.595, 'eval_steps_per_second': 16.329, 'epoch': 1.0}
2024-09-14 05:22:10,550 - INFO - Refined Experiment Plan:
## Experiment Plan to Test Meta-Learning Algorithm for Dynamic Learning Rate Adjustment (Updated)

### 1. Objective
The primary objective of this experiment is to evaluate the effectiveness of a meta-learning algorithm that dynamically adjusts the learning rate of an AI model based on real-time feedback from the training process. We aim to determine whether this approach can achieve faster convergence and better performance with limited computational resources compared to static learning rate schedules.

### 2. Methodology
1. **Meta-Learning Algorithm Development**:
   - Develop a meta-learning algorithm that can adjust the learning rate dynamically. This algorithm will use real-time feedback such as gradient magnitudes, loss values, and validation accuracy to modify the learning rate.
   - Implement this meta-learning algorithm as a wrapper around the optimizer in a standard training loop.
   - **Update**: Introduce an adaptive mechanism to adjust the learning rate based on a combination of multiple feedback signals (e.g., gradient variance, loss plateau detection).

2. **Baseline Comparison**:
   - Train the same AI model using traditional static learning rate schedules like step decay, exponential decay, and cyclic learning rates for comparison.
   - **Update**: Include additional state-of-the-art learning rate schedules such as OneCycleLR and Cosine Annealing to provide a more comprehensive comparison.

3. **Training Procedure**:
   - Split the dataset into training, validation, and test sets.
   - Train the models (one with the meta-learning algorithm and others with static schedules) on the training set.
   - Validate the models on the validation set to adjust hyperparameters and learning rates.
   - Evaluate the final performance on the test set.
   - **Update**: Implement early stopping based on validation loss to prevent overfitting and reduce unnecessary training epochs.

4. **Reproducibility**:
   - Ensure that the experiments are reproducible by fixing random seeds and using consistent data splits.
   - **Update**: Use a robust logging framework to track all experimental configurations and results for better reproducibility and analysis.

### 3. Datasets
We will use well-known datasets from the Hugging Face Datasets repository to ensure the experiment's generalizability across different data types. The chosen datasets are:
   - **Image Classification**: CIFAR-10 (`cifar10`)
   - **Text Classification**: IMDb Reviews (`imdb`)
   - **Tabular Data**: Titanic Survival Prediction (`titanic`)
   - **Update**: Include additional datasets to further validate the results:
     - **Image Classification**: Fashion-MNIST (`fashion_mnist`)
     - **Text Classification**: AG News (`ag_news`)
     - **Tabular Data**: Adult Income (`adult`)

### 4. Model Architecture
We will use different model architectures suitable for each type of dataset:
   - **Image Classification**: ResNet-18
   - **Text Classification**: BERT (Base, uncased)
   - **Tabular Data**: XGBoost
   - **Update**: Include additional architectures to assess the generalizability of the meta-learning algorithm:
     - **Image Classification**: EfficientNet-B0
     - **Text Classification**: RoBERTa (Base)
     - **Tabular Data**: LightGBM

### 5. Hyperparameters
The following hyperparameters will be used in the experiments:
   - **Learning Rate (Initial)**: `0.001`
   - **Batch Size**: `32`
   - **Epochs**: `50`
   - **Optimizer**: Adam
   - **Meta-Learning Parameters**:
     - Feedback Interval: `1 batch`
     - Learning Rate Adjustment Factor: `0.1`
     - Gradient Magnitude Threshold: `0.01`
     - **Update**: Introduce additional parameters:
       - Validation Loss Plateau Patience: `5`
       - Gradient Variance Adjustment Factor: `0.05`
   - **Static Learning Rate Schedules**:
     - Step Decay Steps: `10`
     - Step Decay Factor: `0.1`
     - Exponential Decay Rate: `0.96`
     - Cyclic Learning Rate Base LR: `0.0001`
     - Cyclic Learning Rate Max LR: `0.01`
     - **Update**: Include additional schedules:
       - OneCycleLR: `max_lr=0.01, total_steps=50`
       - Cosine Annealing: `T_max=50`

### 6. Evaluation Metrics
We will evaluate the models using the following metrics:
   - **Training Time**: Total time taken for training until convergence.
   - **Number of Epochs to Convergence**: Number of epochs required to reach a stable validation loss.
   - **Validation Accuracy**: Accuracy on the validation set.
   - **Test Accuracy**: Accuracy on the test set.
   - **Loss Reduction Rate**: Rate at which the loss decreases during training.
   - **Resource Utilization**: Computational resources used (e.g., GPU hours).
   - **Update**: Include additional metrics for a more comprehensive evaluation:
     - Model Stability: Variance in performance across multiple runs.
     - Generalization Gap: Difference between validation and test accuracy.

By comparing these metrics for the meta-learning algorithm and the static learning rate schedules, we aim to determine the efficacy of dynamic learning rate adjustment in improving model performance and resource efficiency. The updates aim to enhance the robustness and generalizability of the experiment, ensuring a more thorough evaluation of the meta-learning algorithm.
2024-09-14 05:22:10,550 - INFO - Using device: cuda
2024-09-14 05:22:11,054 - INFO - Loaded dataset: ag_news
2024-09-14 05:22:11,875 - INFO - Starting training...
2024-09-14 05:22:41,450 - INFO - Evaluating the model...
2024-09-14 05:22:45,309 - INFO - Experiment Results: {'eval_loss': 0.432305246591568, 'eval_accuracy': 0.856, 'eval_runtime': 3.8571, 'eval_samples_per_second': 129.631, 'eval_steps_per_second': 16.333, 'epoch': 1.0}
2024-09-14 05:22:52,826 - INFO - Optimization Suggestions:
To improve the performance of the AI Research System on benchmark tests, we can consider several changes. These might include tuning hyperparameters, modifying the model architecture, or optimizing the training process. Without access to the exact code and knowing more details about the current setup, I'll provide a generic but plausible set of changes.

### 1. Learning Rate Adjustment
The learning rate plays a crucial role in how well the model converges. If the learning rate is too high, the model may not converge well, leading to suboptimal performance. Conversely, if it's too low, the training process may be very slow.

### 2. Batch Size Adjustment
Adjusting the batch size can also help improve performance. A smaller batch size might produce better generalization but can be slower, while a larger batch size can speed up training but might lead to overfitting.

### 3. Model Architecture Tuning
Simplifying or complicating the model architecture depending on the dataset and problem can also lead to improvements. For example, adding more layers or using different activation functions.

### 4. Data Augmentation
If the dataset is not large enough, data augmentation can help the model generalize better by artificially increasing the diversity of the training data.

### Example Changes:

#### Learning Rate and Batch Size Adjustment
```python
# File: training_config.py
# Original Code:
learning_rate = 0.001
batch_size = 32

# Updated Code:
learning_rate = 0.0005
batch_size = 64
```

### Explanation
- **Learning Rate Adjustment:** Reducing the learning rate from 0.001 to 0.0005 can help the model converge more smoothly, potentially increasing accuracy.
- **Batch Size Adjustment:** Increasing the batch size from 32 to 64 can speed up training time and might help the model see more diverse samples in each update, potentially improving generalization.

#### Model Architecture Tuning
```python
# File: model_architecture.py
# Original Code:
model = Sequential([
    Dense(128, activation='relu', input_shape=(input_dim,)),
    Dense(64, activation='relu'),
    Dense(num_classes, activation='softmax')
])

# Updated Code:
model = Sequential([
    Dense(256, activation='relu', input_shape=(input_dim,)),
    Dropout(0.5),
    Dense(128, activation='relu'),
    Dropout(0.5),
    Dense(64, activation='relu'),
    Dense(num_classes, activation='softmax')
])
```

### Explanation
- **Model Architecture Adjustment:** Adding more neurons to the first layer and including dropout layers can help the model learn more complex patterns while reducing the risk of overfitting.

#### Data Augmentation
```python
# File: data_preprocessing.py
# Original Code:
datagen = ImageDataGenerator(rescale=1./255)

# Updated Code:
datagen = ImageDataGenerator(
    rescale=1./255,
    rotation_range=20,
    width_shift_range=0.2,
    height_shift_range=0.2,
    shear_range=0.2,
    zoom_range=0.2,
    horizontal_flip=True,
    fill_mode='nearest'
)
```

### Explanation
- **Data Augmentation:** Adding various augmentation techniques such as rotation, width/height shifts, shear, and zoom can help the model generalize better by training on a more diverse set of images.

### Summary
The suggested changes aim to improve the model's performance by optimizing the learning rate and batch size, enhancing the model architecture, and augmenting the training data. These modifications should lead to better convergence, reduced overfitting, and ultimately higher accuracy on benchmark tests. Always ensure to validate these changes through cross-validation or a separate validation set to confirm their efficacy.
2024-09-14 05:22:52,830 - INFO - Code backup completed.
2024-09-14 05:22:52,831 - INFO - Code updated successfully.
2024-09-14 05:22:53,805 - INFO - Loaded benchmark dataset: GLUE SST-2
2024-09-14 05:23:00,856 - INFO - Benchmark Results: {'eval_loss': 0.698837161064148, 'eval_accuracy': 0.4873853211009174, 'eval_runtime': 6.2904, 'eval_samples_per_second': 138.623, 'eval_steps_per_second': 17.328}
2024-09-14 05:23:00,863 - INFO - Benchmark Results: {'eval_loss': 0.698837161064148, 'eval_accuracy': 0.4873853211009174, 'eval_runtime': 6.2904, 'eval_samples_per_second': 138.623, 'eval_steps_per_second': 17.328}
2024-09-14 05:23:00,864 - INFO - Report saved to reports/Develop_a_meta-learning_algorithm_that_dynamically_20240914052300.md
2024-09-14 05:23:00,864 - INFO - AI Research System Finished.
